t=2018-03-29T10:02:07+0800 lvl=info msg="Starting Grafana" logger=server version=5.0.4 commit=7dc36ae2f compiled=2018-03-28T19:52:41+0800
t=2018-03-29T10:02:07+0800 lvl=info msg="Config loaded from" logger=settings file=D:\\Downloads\\grafana-5.0.4.windows-x64\\grafana-5.0.4/conf/defaults.ini
t=2018-03-29T10:02:07+0800 lvl=info msg="Path Home" logger=settings path=D:\\Downloads\\grafana-5.0.4.windows-x64\\grafana-5.0.4
t=2018-03-29T10:02:07+0800 lvl=info msg="Path Data" logger=settings path=D:\\Downloads\\grafana-5.0.4.windows-x64\\grafana-5.0.4\\data
t=2018-03-29T10:02:07+0800 lvl=info msg="Path Logs" logger=settings path=D:\\Downloads\\grafana-5.0.4.windows-x64\\grafana-5.0.4\\data\\log
t=2018-03-29T10:02:07+0800 lvl=info msg="Path Plugins" logger=settings path=D:\\Downloads\\grafana-5.0.4.windows-x64\\grafana-5.0.4\\data\\plugins
t=2018-03-29T10:02:07+0800 lvl=info msg="Path Provisioning" logger=settings path=D:\\Downloads\\grafana-5.0.4.windows-x64\\grafana-5.0.4\\conf\\provisioning
t=2018-03-29T10:02:07+0800 lvl=info msg="App mode production" logger=settings
t=2018-03-29T10:02:07+0800 lvl=info msg="Initializing DB" logger=sqlstore dbtype=sqlite3
t=2018-03-29T10:02:07+0800 lvl=info msg="Starting DB migration" logger=migrator
t=2018-03-29T10:02:07+0800 lvl=info msg="Executing migration" logger=migrator id="create migration_log table"
t=2018-03-29T10:02:07+0800 lvl=info msg="Executing migration" logger=migrator id="create user table"
t=2018-03-29T10:02:07+0800 lvl=info msg="Executing migration" logger=migrator id="add unique index user.login"
t=2018-03-29T10:02:07+0800 lvl=info msg="Executing migration" logger=migrator id="add unique index user.email"
t=2018-03-29T10:02:07+0800 lvl=info msg="Executing migration" logger=migrator id="drop index UQE_user_login - v1"
t=2018-03-29T10:02:07+0800 lvl=info msg="Executing migration" logger=migrator id="drop index UQE_user_email - v1"
t=2018-03-29T10:02:07+0800 lvl=info msg="Executing migration" logger=migrator id="Rename table user to user_v1 - v1"
t=2018-03-29T10:02:07+0800 lvl=info msg="Executing migration" logger=migrator id="create user table v2"
t=2018-03-29T10:02:07+0800 lvl=info msg="Executing migration" logger=migrator id="create index UQE_user_login - v2"
t=2018-03-29T10:02:07+0800 lvl=info msg="Executing migration" logger=migrator id="create index UQE_user_email - v2"
t=2018-03-29T10:02:07+0800 lvl=info msg="Executing migration" logger=migrator id="copy data_source v1 to v2"
t=2018-03-29T10:02:07+0800 lvl=info msg="Executing migration" logger=migrator id="Drop old table user_v1"
t=2018-03-29T10:02:07+0800 lvl=info msg="Executing migration" logger=migrator id="Add column help_flags1 to user table"
t=2018-03-29T10:02:07+0800 lvl=info msg="Executing migration" logger=migrator id="Update user table charset"
t=2018-03-29T10:02:07+0800 lvl=info msg="Executing migration" logger=migrator id="Add last_seen_at column to user"
t=2018-03-29T10:02:07+0800 lvl=info msg="Executing migration" logger=migrator id="create temp user table v1-7"
t=2018-03-29T10:02:07+0800 lvl=info msg="Executing migration" logger=migrator id="create index IDX_temp_user_email - v1-7"
t=2018-03-29T10:02:07+0800 lvl=info msg="Executing migration" logger=migrator id="create index IDX_temp_user_org_id - v1-7"
t=2018-03-29T10:02:07+0800 lvl=info msg="Executing migration" logger=migrator id="create index IDX_temp_user_code - v1-7"
t=2018-03-29T10:02:07+0800 lvl=info msg="Executing migration" logger=migrator id="create index IDX_temp_user_status - v1-7"
t=2018-03-29T10:02:07+0800 lvl=info msg="Executing migration" logger=migrator id="Update temp_user table charset"
t=2018-03-29T10:02:07+0800 lvl=info msg="Executing migration" logger=migrator id="create star table"
t=2018-03-29T10:02:07+0800 lvl=info msg="Executing migration" logger=migrator id="add unique index star.user_id_dashboard_id"
t=2018-03-29T10:02:07+0800 lvl=info msg="Executing migration" logger=migrator id="create org table v1"
t=2018-03-29T10:02:07+0800 lvl=info msg="Executing migration" logger=migrator id="create index UQE_org_name - v1"
t=2018-03-29T10:02:07+0800 lvl=info msg="Executing migration" logger=migrator id="create org_user table v1"
t=2018-03-29T10:02:07+0800 lvl=info msg="Executing migration" logger=migrator id="create index IDX_org_user_org_id - v1"
t=2018-03-29T10:02:07+0800 lvl=info msg="Executing migration" logger=migrator id="create index UQE_org_user_org_id_user_id - v1"
t=2018-03-29T10:02:07+0800 lvl=info msg="Executing migration" logger=migrator id="copy data account to org"
t=2018-03-29T10:02:07+0800 lvl=info msg="Skipping migration condition not fulfilled" logger=migrator id="copy data account to org"
t=2018-03-29T10:02:07+0800 lvl=info msg="Executing migration" logger=migrator id="copy data account_user to org_user"
t=2018-03-29T10:02:07+0800 lvl=info msg="Skipping migration condition not fulfilled" logger=migrator id="copy data account_user to org_user"
t=2018-03-29T10:02:07+0800 lvl=info msg="Executing migration" logger=migrator id="Drop old table account"
t=2018-03-29T10:02:07+0800 lvl=info msg="Executing migration" logger=migrator id="Drop old table account_user"
t=2018-03-29T10:02:07+0800 lvl=info msg="Executing migration" logger=migrator id="Update org table charset"
t=2018-03-29T10:02:07+0800 lvl=info msg="Executing migration" logger=migrator id="Update org_user table charset"
t=2018-03-29T10:02:07+0800 lvl=info msg="Executing migration" logger=migrator id="Migrate all Read Only Viewers to Viewers"
t=2018-03-29T10:02:07+0800 lvl=info msg="Executing migration" logger=migrator id="create dashboard table"
t=2018-03-29T10:02:07+0800 lvl=info msg="Executing migration" logger=migrator id="add index dashboard.account_id"
t=2018-03-29T10:02:07+0800 lvl=info msg="Executing migration" logger=migrator id="add unique index dashboard_account_id_slug"
t=2018-03-29T10:02:07+0800 lvl=info msg="Executing migration" logger=migrator id="create dashboard_tag table"
t=2018-03-29T10:02:07+0800 lvl=info msg="Executing migration" logger=migrator id="add unique index dashboard_tag.dasboard_id_term"
t=2018-03-29T10:02:07+0800 lvl=info msg="Executing migration" logger=migrator id="drop index UQE_dashboard_tag_dashboard_id_term - v1"
t=2018-03-29T10:02:07+0800 lvl=info msg="Executing migration" logger=migrator id="Rename table dashboard to dashboard_v1 - v1"
t=2018-03-29T10:02:07+0800 lvl=info msg="Executing migration" logger=migrator id="create dashboard v2"
t=2018-03-29T10:02:07+0800 lvl=info msg="Executing migration" logger=migrator id="create index IDX_dashboard_org_id - v2"
t=2018-03-29T10:02:07+0800 lvl=info msg="Executing migration" logger=migrator id="create index UQE_dashboard_org_id_slug - v2"
t=2018-03-29T10:02:07+0800 lvl=info msg="Executing migration" logger=migrator id="copy dashboard v1 to v2"
t=2018-03-29T10:02:07+0800 lvl=info msg="Executing migration" logger=migrator id="drop table dashboard_v1"
t=2018-03-29T10:02:07+0800 lvl=info msg="Executing migration" logger=migrator id="alter dashboard.data to mediumtext v1"
t=2018-03-29T10:02:07+0800 lvl=info msg="Executing migration" logger=migrator id="Add column updated_by in dashboard - v2"
t=2018-03-29T10:02:07+0800 lvl=info msg="Executing migration" logger=migrator id="Add column created_by in dashboard - v2"
t=2018-03-29T10:02:07+0800 lvl=info msg="Executing migration" logger=migrator id="Add column gnetId in dashboard"
t=2018-03-29T10:02:07+0800 lvl=info msg="Executing migration" logger=migrator id="Add index for gnetId in dashboard"
t=2018-03-29T10:02:07+0800 lvl=info msg="Executing migration" logger=migrator id="Add column plugin_id in dashboard"
t=2018-03-29T10:02:07+0800 lvl=info msg="Executing migration" logger=migrator id="Add index for plugin_id in dashboard"
t=2018-03-29T10:02:07+0800 lvl=info msg="Executing migration" logger=migrator id="Add index for dashboard_id in dashboard_tag"
t=2018-03-29T10:02:07+0800 lvl=info msg="Executing migration" logger=migrator id="Update dashboard table charset"
t=2018-03-29T10:02:07+0800 lvl=info msg="Executing migration" logger=migrator id="Update dashboard_tag table charset"
t=2018-03-29T10:02:07+0800 lvl=info msg="Executing migration" logger=migrator id="Add column folder_id in dashboard"
t=2018-03-29T10:02:07+0800 lvl=info msg="Executing migration" logger=migrator id="Add column isFolder in dashboard"
t=2018-03-29T10:02:07+0800 lvl=info msg="Executing migration" logger=migrator id="Add column has_acl in dashboard"
t=2018-03-29T10:02:07+0800 lvl=info msg="Executing migration" logger=migrator id="Add column uid in dashboard"
t=2018-03-29T10:02:07+0800 lvl=info msg="Executing migration" logger=migrator id="Update uid column values in dashboard"
t=2018-03-29T10:02:07+0800 lvl=info msg="Executing migration" logger=migrator id="Add unique index dashboard_org_id_uid"
t=2018-03-29T10:02:07+0800 lvl=info msg="Executing migration" logger=migrator id="Remove unique index org_id_slug"
t=2018-03-29T10:02:07+0800 lvl=info msg="Executing migration" logger=migrator id="Update dashboard title length"
t=2018-03-29T10:02:07+0800 lvl=info msg="Executing migration" logger=migrator id="Add unique index for dashboard_org_id_title_folder_id"
t=2018-03-29T10:02:07+0800 lvl=info msg="Executing migration" logger=migrator id="create dashboard_provisioning"
t=2018-03-29T10:02:07+0800 lvl=info msg="Executing migration" logger=migrator id="Rename table dashboard_provisioning to dashboard_provisioning_tmp_qwerty - v1"
t=2018-03-29T10:02:07+0800 lvl=info msg="Executing migration" logger=migrator id="create dashboard_provisioning v2"
t=2018-03-29T10:02:07+0800 lvl=info msg="Executing migration" logger=migrator id="create index IDX_dashboard_provisioning_dashboard_id - v2"
t=2018-03-29T10:02:07+0800 lvl=info msg="Executing migration" logger=migrator id="create index IDX_dashboard_provisioning_dashboard_id_name - v2"
t=2018-03-29T10:02:07+0800 lvl=info msg="Executing migration" logger=migrator id="copy dashboard_provisioning v1 to v2"
t=2018-03-29T10:02:07+0800 lvl=info msg="Executing migration" logger=migrator id="drop dashboard_provisioning_tmp_qwerty"
t=2018-03-29T10:02:07+0800 lvl=info msg="Executing migration" logger=migrator id="create data_source table"
t=2018-03-29T10:02:07+0800 lvl=info msg="Executing migration" logger=migrator id="add index data_source.account_id"
t=2018-03-29T10:02:07+0800 lvl=info msg="Executing migration" logger=migrator id="add unique index data_source.account_id_name"
t=2018-03-29T10:02:07+0800 lvl=info msg="Executing migration" logger=migrator id="drop index IDX_data_source_account_id - v1"
t=2018-03-29T10:02:07+0800 lvl=info msg="Executing migration" logger=migrator id="drop index UQE_data_source_account_id_name - v1"
t=2018-03-29T10:02:07+0800 lvl=info msg="Executing migration" logger=migrator id="Rename table data_source to data_source_v1 - v1"
t=2018-03-29T10:02:07+0800 lvl=info msg="Executing migration" logger=migrator id="create data_source table v2"
t=2018-03-29T10:02:07+0800 lvl=info msg="Executing migration" logger=migrator id="create index IDX_data_source_org_id - v2"
t=2018-03-29T10:02:07+0800 lvl=info msg="Executing migration" logger=migrator id="create index UQE_data_source_org_id_name - v2"
t=2018-03-29T10:02:07+0800 lvl=info msg="Executing migration" logger=migrator id="copy data_source v1 to v2"
t=2018-03-29T10:02:07+0800 lvl=info msg="Executing migration" logger=migrator id="Drop old table data_source_v1 #2"
t=2018-03-29T10:02:07+0800 lvl=info msg="Executing migration" logger=migrator id="Add column with_credentials"
t=2018-03-29T10:02:07+0800 lvl=info msg="Executing migration" logger=migrator id="Add secure json data column"
t=2018-03-29T10:02:07+0800 lvl=info msg="Executing migration" logger=migrator id="Update data_source table charset"
t=2018-03-29T10:02:07+0800 lvl=info msg="Executing migration" logger=migrator id="Update initial version to 1"
t=2018-03-29T10:02:07+0800 lvl=info msg="Executing migration" logger=migrator id="Add read_only data column"
t=2018-03-29T10:02:07+0800 lvl=info msg="Executing migration" logger=migrator id="create api_key table"
t=2018-03-29T10:02:07+0800 lvl=info msg="Executing migration" logger=migrator id="add index api_key.account_id"
t=2018-03-29T10:02:07+0800 lvl=info msg="Executing migration" logger=migrator id="add index api_key.key"
t=2018-03-29T10:02:07+0800 lvl=info msg="Executing migration" logger=migrator id="add index api_key.account_id_name"
t=2018-03-29T10:02:07+0800 lvl=info msg="Executing migration" logger=migrator id="drop index IDX_api_key_account_id - v1"
t=2018-03-29T10:02:07+0800 lvl=info msg="Executing migration" logger=migrator id="drop index UQE_api_key_key - v1"
t=2018-03-29T10:02:07+0800 lvl=info msg="Executing migration" logger=migrator id="drop index UQE_api_key_account_id_name - v1"
t=2018-03-29T10:02:07+0800 lvl=info msg="Executing migration" logger=migrator id="Rename table api_key to api_key_v1 - v1"
t=2018-03-29T10:02:07+0800 lvl=info msg="Executing migration" logger=migrator id="create api_key table v2"
t=2018-03-29T10:02:07+0800 lvl=info msg="Executing migration" logger=migrator id="create index IDX_api_key_org_id - v2"
t=2018-03-29T10:02:07+0800 lvl=info msg="Executing migration" logger=migrator id="create index UQE_api_key_key - v2"
t=2018-03-29T10:02:07+0800 lvl=info msg="Executing migration" logger=migrator id="create index UQE_api_key_org_id_name - v2"
t=2018-03-29T10:02:07+0800 lvl=info msg="Executing migration" logger=migrator id="copy api_key v1 to v2"
t=2018-03-29T10:02:07+0800 lvl=info msg="Executing migration" logger=migrator id="Drop old table api_key_v1"
t=2018-03-29T10:02:07+0800 lvl=info msg="Executing migration" logger=migrator id="Update api_key table charset"
t=2018-03-29T10:02:07+0800 lvl=info msg="Executing migration" logger=migrator id="create dashboard_snapshot table v4"
t=2018-03-29T10:02:07+0800 lvl=info msg="Executing migration" logger=migrator id="drop table dashboard_snapshot_v4 #1"
t=2018-03-29T10:02:07+0800 lvl=info msg="Executing migration" logger=migrator id="create dashboard_snapshot table v5 #2"
t=2018-03-29T10:02:07+0800 lvl=info msg="Executing migration" logger=migrator id="create index UQE_dashboard_snapshot_key - v5"
t=2018-03-29T10:02:07+0800 lvl=info msg="Executing migration" logger=migrator id="create index UQE_dashboard_snapshot_delete_key - v5"
t=2018-03-29T10:02:07+0800 lvl=info msg="Executing migration" logger=migrator id="create index IDX_dashboard_snapshot_user_id - v5"
t=2018-03-29T10:02:07+0800 lvl=info msg="Executing migration" logger=migrator id="alter dashboard_snapshot to mediumtext v2"
t=2018-03-29T10:02:07+0800 lvl=info msg="Executing migration" logger=migrator id="Update dashboard_snapshot table charset"
t=2018-03-29T10:02:07+0800 lvl=info msg="Executing migration" logger=migrator id="create quota table v1"
t=2018-03-29T10:02:07+0800 lvl=info msg="Executing migration" logger=migrator id="create index UQE_quota_org_id_user_id_target - v1"
t=2018-03-29T10:02:07+0800 lvl=info msg="Executing migration" logger=migrator id="Update quota table charset"
t=2018-03-29T10:02:07+0800 lvl=info msg="Executing migration" logger=migrator id="create plugin_setting table"
t=2018-03-29T10:02:07+0800 lvl=info msg="Executing migration" logger=migrator id="create index UQE_plugin_setting_org_id_plugin_id - v1"
t=2018-03-29T10:02:07+0800 lvl=info msg="Executing migration" logger=migrator id="Add column plugin_version to plugin_settings"
t=2018-03-29T10:02:07+0800 lvl=info msg="Executing migration" logger=migrator id="Update plugin_setting table charset"
t=2018-03-29T10:02:07+0800 lvl=info msg="Executing migration" logger=migrator id="create session table"
t=2018-03-29T10:02:07+0800 lvl=info msg="Executing migration" logger=migrator id="Drop old table playlist table"
t=2018-03-29T10:02:07+0800 lvl=info msg="Executing migration" logger=migrator id="Drop old table playlist_item table"
t=2018-03-29T10:02:07+0800 lvl=info msg="Executing migration" logger=migrator id="create playlist table v2"
t=2018-03-29T10:02:07+0800 lvl=info msg="Executing migration" logger=migrator id="create playlist item table v2"
t=2018-03-29T10:02:07+0800 lvl=info msg="Executing migration" logger=migrator id="Update playlist table charset"
t=2018-03-29T10:02:07+0800 lvl=info msg="Executing migration" logger=migrator id="Update playlist_item table charset"
t=2018-03-29T10:02:07+0800 lvl=info msg="Executing migration" logger=migrator id="drop preferences table v2"
t=2018-03-29T10:02:07+0800 lvl=info msg="Executing migration" logger=migrator id="drop preferences table v3"
t=2018-03-29T10:02:07+0800 lvl=info msg="Executing migration" logger=migrator id="create preferences table v3"
t=2018-03-29T10:02:07+0800 lvl=info msg="Executing migration" logger=migrator id="Update preferences table charset"
t=2018-03-29T10:02:07+0800 lvl=info msg="Executing migration" logger=migrator id="create alert table v1"
t=2018-03-29T10:02:07+0800 lvl=info msg="Executing migration" logger=migrator id="add index alert org_id & id "
t=2018-03-29T10:02:07+0800 lvl=info msg="Executing migration" logger=migrator id="add index alert state"
t=2018-03-29T10:02:07+0800 lvl=info msg="Executing migration" logger=migrator id="add index alert dashboard_id"
t=2018-03-29T10:02:07+0800 lvl=info msg="Executing migration" logger=migrator id="create alert_notification table v1"
t=2018-03-29T10:02:07+0800 lvl=info msg="Executing migration" logger=migrator id="Add column is_default"
t=2018-03-29T10:02:07+0800 lvl=info msg="Executing migration" logger=migrator id="add index alert_notification org_id & name"
t=2018-03-29T10:02:07+0800 lvl=info msg="Executing migration" logger=migrator id="Update alert table charset"
t=2018-03-29T10:02:07+0800 lvl=info msg="Executing migration" logger=migrator id="Update alert_notification table charset"
t=2018-03-29T10:02:07+0800 lvl=info msg="Executing migration" logger=migrator id="Drop old annotation table v4"
t=2018-03-29T10:02:07+0800 lvl=info msg="Executing migration" logger=migrator id="create annotation table v5"
t=2018-03-29T10:02:07+0800 lvl=info msg="Executing migration" logger=migrator id="add index annotation 0 v3"
t=2018-03-29T10:02:07+0800 lvl=info msg="Executing migration" logger=migrator id="add index annotation 1 v3"
t=2018-03-29T10:02:07+0800 lvl=info msg="Executing migration" logger=migrator id="add index annotation 2 v3"
t=2018-03-29T10:02:07+0800 lvl=info msg="Executing migration" logger=migrator id="add index annotation 3 v3"
t=2018-03-29T10:02:07+0800 lvl=info msg="Executing migration" logger=migrator id="add index annotation 4 v3"
t=2018-03-29T10:02:07+0800 lvl=info msg="Executing migration" logger=migrator id="Update annotation table charset"
t=2018-03-29T10:02:07+0800 lvl=info msg="Executing migration" logger=migrator id="Add column region_id to annotation table"
t=2018-03-29T10:02:07+0800 lvl=info msg="Executing migration" logger=migrator id="Drop category_id index"
t=2018-03-29T10:02:08+0800 lvl=info msg="Executing migration" logger=migrator id="Add column tags to annotation table"
t=2018-03-29T10:02:08+0800 lvl=info msg="Executing migration" logger=migrator id="Create annotation_tag table v2"
t=2018-03-29T10:02:08+0800 lvl=info msg="Executing migration" logger=migrator id="Add unique index annotation_tag.annotation_id_tag_id"
t=2018-03-29T10:02:08+0800 lvl=info msg="Executing migration" logger=migrator id="Update alert annotations and set TEXT to empty"
t=2018-03-29T10:02:08+0800 lvl=info msg="Executing migration" logger=migrator id="create test_data table"
t=2018-03-29T10:02:08+0800 lvl=info msg="Executing migration" logger=migrator id="create dashboard_version table v1"
t=2018-03-29T10:02:08+0800 lvl=info msg="Executing migration" logger=migrator id="add index dashboard_version.dashboard_id"
t=2018-03-29T10:02:08+0800 lvl=info msg="Executing migration" logger=migrator id="add unique index dashboard_version.dashboard_id and dashboard_version.version"
t=2018-03-29T10:02:08+0800 lvl=info msg="Executing migration" logger=migrator id="Set dashboard version to 1 where 0"
t=2018-03-29T10:02:08+0800 lvl=info msg="Executing migration" logger=migrator id="save existing dashboard data in dashboard_version table v1"
t=2018-03-29T10:02:08+0800 lvl=info msg="Executing migration" logger=migrator id="alter dashboard_version.data to mediumtext v1"
t=2018-03-29T10:02:08+0800 lvl=info msg="Executing migration" logger=migrator id="create team table"
t=2018-03-29T10:02:08+0800 lvl=info msg="Executing migration" logger=migrator id="add index team.org_id"
t=2018-03-29T10:02:08+0800 lvl=info msg="Executing migration" logger=migrator id="add unique index team_org_id_name"
t=2018-03-29T10:02:08+0800 lvl=info msg="Executing migration" logger=migrator id="create team member table"
t=2018-03-29T10:02:08+0800 lvl=info msg="Executing migration" logger=migrator id="add index team_member.org_id"
t=2018-03-29T10:02:08+0800 lvl=info msg="Executing migration" logger=migrator id="add unique index team_member_org_id_team_id_user_id"
t=2018-03-29T10:02:08+0800 lvl=info msg="Executing migration" logger=migrator id="Add column email to team table"
t=2018-03-29T10:02:08+0800 lvl=info msg="Executing migration" logger=migrator id="create dashboard acl table"
t=2018-03-29T10:02:08+0800 lvl=info msg="Executing migration" logger=migrator id="add index dashboard_acl_dashboard_id"
t=2018-03-29T10:02:08+0800 lvl=info msg="Executing migration" logger=migrator id="add unique index dashboard_acl_dashboard_id_user_id"
t=2018-03-29T10:02:08+0800 lvl=info msg="Executing migration" logger=migrator id="add unique index dashboard_acl_dashboard_id_team_id"
t=2018-03-29T10:02:08+0800 lvl=info msg="Executing migration" logger=migrator id="save default acl rules in dashboard_acl table"
t=2018-03-29T10:02:08+0800 lvl=info msg="Executing migration" logger=migrator id="create tag table"
t=2018-03-29T10:02:08+0800 lvl=info msg="Executing migration" logger=migrator id="add index tag.key_value"
t=2018-03-29T10:02:08+0800 lvl=info msg="Executing migration" logger=migrator id="create login attempt table"
t=2018-03-29T10:02:08+0800 lvl=info msg="Executing migration" logger=migrator id="add index login_attempt.username"
t=2018-03-29T10:02:08+0800 lvl=info msg="Executing migration" logger=migrator id="drop index IDX_login_attempt_username - v1"
t=2018-03-29T10:02:08+0800 lvl=info msg="Executing migration" logger=migrator id="Rename table login_attempt to login_attempt_tmp_qwerty - v1"
t=2018-03-29T10:02:08+0800 lvl=info msg="Executing migration" logger=migrator id="create login_attempt v2"
t=2018-03-29T10:02:08+0800 lvl=info msg="Executing migration" logger=migrator id="create index IDX_login_attempt_username - v2"
t=2018-03-29T10:02:08+0800 lvl=info msg="Executing migration" logger=migrator id="copy login_attempt v1 to v2"
t=2018-03-29T10:02:08+0800 lvl=info msg="Executing migration" logger=migrator id="drop login_attempt_tmp_qwerty"
t=2018-03-29T10:02:08+0800 lvl=info msg="Created default admin user: admin"
t=2018-03-29T10:02:08+0800 lvl=info msg="Starting plugin search" logger=plugins
t=2018-03-29T10:02:08+0800 lvl=info msg="Plugin dir created" logger=plugins dir=D:\\Downloads\\grafana-5.0.4.windows-x64\\grafana-5.0.4\\data\\plugins
t=2018-03-29T10:02:08+0800 lvl=info msg="Initializing Alerting" logger=alerting.engine
t=2018-03-29T10:02:08+0800 lvl=info msg="Initializing CleanUpService" logger=cleanup
t=2018-03-29T10:02:08+0800 lvl=info msg="Initializing Stream Manager"
t=2018-03-29T10:02:08+0800 lvl=info msg="Initializing HTTP Server" logger=http.server address=0.0.0.0:3000 protocol=http subUrl= socket=
t=2019-07-19T14:43:57+0800 lvl=info msg="Starting Grafana" logger=server version=5.0.4 commit=7dc36ae2f compiled=2018-03-28T19:52:41+0800
t=2019-07-19T14:43:57+0800 lvl=info msg="Config loaded from" logger=settings file=C:\\grafanawindows-x64\\grafana-5.0.4.windows-x64\\grafana-5.0.4/conf/defaults.ini
t=2019-07-19T14:43:57+0800 lvl=info msg="Config loaded from" logger=settings file=C:\\grafanawindows-x64\\grafana-5.0.4.windows-x64\\grafana-5.0.4\\conf\\custom.ini
t=2019-07-19T14:43:57+0800 lvl=info msg="Path Home" logger=settings path=C:\\grafanawindows-x64\\grafana-5.0.4.windows-x64\\grafana-5.0.4
t=2019-07-19T14:43:57+0800 lvl=info msg="Path Data" logger=settings path=C:\\grafanawindows-x64\\grafana-5.0.4.windows-x64\\grafana-5.0.4\\data
t=2019-07-19T14:43:57+0800 lvl=info msg="Path Logs" logger=settings path=C:\\grafanawindows-x64\\grafana-5.0.4.windows-x64\\grafana-5.0.4\\data\\log
t=2019-07-19T14:43:57+0800 lvl=info msg="Path Plugins" logger=settings path=C:\\grafanawindows-x64\\grafana-5.0.4.windows-x64\\grafana-5.0.4\\data\\plugins
t=2019-07-19T14:43:57+0800 lvl=info msg="Path Provisioning" logger=settings path=C:\\grafanawindows-x64\\grafana-5.0.4.windows-x64\\grafana-5.0.4\\conf\\provisioning
t=2019-07-19T14:43:57+0800 lvl=info msg="App mode production" logger=settings
t=2019-07-19T14:43:57+0800 lvl=info msg="Initializing DB" logger=sqlstore dbtype=sqlite3
t=2019-07-19T14:43:57+0800 lvl=info msg="Starting DB migration" logger=migrator
t=2019-07-19T14:43:57+0800 lvl=info msg="Executing migration" logger=migrator id="copy data account to org"
t=2019-07-19T14:43:57+0800 lvl=info msg="Skipping migration condition not fulfilled" logger=migrator id="copy data account to org"
t=2019-07-19T14:43:57+0800 lvl=info msg="Executing migration" logger=migrator id="copy data account_user to org_user"
t=2019-07-19T14:43:57+0800 lvl=info msg="Skipping migration condition not fulfilled" logger=migrator id="copy data account_user to org_user"
t=2019-07-19T14:43:57+0800 lvl=info msg="Starting plugin search" logger=plugins
t=2019-07-19T14:43:57+0800 lvl=info msg="Initializing CleanUpService" logger=cleanup
t=2019-07-19T14:43:57+0800 lvl=info msg="Initializing Alerting" logger=alerting.engine
t=2019-07-19T14:43:57+0800 lvl=info msg="Initializing Stream Manager"
t=2019-07-19T14:43:57+0800 lvl=info msg="Initializing HTTP Server" logger=http.server address=0.0.0.0:3000 protocol=http subUrl= socket=
t=2019-07-19T14:59:11+0800 lvl=info msg="Starting Grafana" logger=server version=5.0.4 commit=7dc36ae2f compiled=2018-03-28T19:52:41+0800
t=2019-07-19T14:59:11+0800 lvl=info msg="Config loaded from" logger=settings file=C:\\grafanawindows-x64\\grafana-5.0.4.windows-x64\\grafana-5.0.4/conf/defaults.ini
t=2019-07-19T14:59:11+0800 lvl=info msg="Config loaded from" logger=settings file=C:\\grafanawindows-x64\\grafana-5.0.4.windows-x64\\grafana-5.0.4\\conf\\custom.ini
t=2019-07-19T14:59:11+0800 lvl=info msg="Path Home" logger=settings path=C:\\grafanawindows-x64\\grafana-5.0.4.windows-x64\\grafana-5.0.4
t=2019-07-19T14:59:11+0800 lvl=info msg="Path Data" logger=settings path=C:\\grafanawindows-x64\\grafana-5.0.4.windows-x64\\grafana-5.0.4\\data
t=2019-07-19T14:59:11+0800 lvl=info msg="Path Logs" logger=settings path=C:\\grafanawindows-x64\\grafana-5.0.4.windows-x64\\grafana-5.0.4\\data\\log
t=2019-07-19T14:59:11+0800 lvl=info msg="Path Plugins" logger=settings path=C:\\grafanawindows-x64\\grafana-5.0.4.windows-x64\\grafana-5.0.4\\data\\plugins
t=2019-07-19T14:59:11+0800 lvl=info msg="Path Provisioning" logger=settings path=C:\\grafanawindows-x64\\grafana-5.0.4.windows-x64\\grafana-5.0.4\\conf\\provisioning
t=2019-07-19T14:59:11+0800 lvl=info msg="App mode production" logger=settings
t=2019-07-19T14:59:11+0800 lvl=info msg="Initializing DB" logger=sqlstore dbtype=sqlite3
t=2019-07-19T14:59:11+0800 lvl=info msg="Starting DB migration" logger=migrator
t=2019-07-19T14:59:11+0800 lvl=info msg="Executing migration" logger=migrator id="copy data account to org"
t=2019-07-19T14:59:11+0800 lvl=info msg="Skipping migration condition not fulfilled" logger=migrator id="copy data account to org"
t=2019-07-19T14:59:11+0800 lvl=info msg="Executing migration" logger=migrator id="copy data account_user to org_user"
t=2019-07-19T14:59:11+0800 lvl=info msg="Skipping migration condition not fulfilled" logger=migrator id="copy data account_user to org_user"
t=2019-07-19T14:59:11+0800 lvl=info msg="Starting plugin search" logger=plugins
t=2019-07-19T14:59:11+0800 lvl=info msg="Initializing Alerting" logger=alerting.engine
t=2019-07-19T14:59:11+0800 lvl=info msg="Initializing CleanUpService" logger=cleanup
t=2019-07-19T14:59:11+0800 lvl=info msg="Initializing Stream Manager"
t=2019-07-19T14:59:11+0800 lvl=info msg="Initializing HTTP Server" logger=http.server address=0.0.0.0:8000 protocol=http subUrl= socket=
t=2019-07-19T14:59:35+0800 lvl=info msg="Starting Grafana" logger=server version=5.0.4 commit=7dc36ae2f compiled=2018-03-28T19:52:41+0800
t=2019-07-19T14:59:35+0800 lvl=info msg="Config loaded from" logger=settings file=C:\\grafanawindows-x64\\grafana-5.0.4.windows-x64\\grafana-5.0.4/conf/defaults.ini
t=2019-07-19T14:59:35+0800 lvl=info msg="Config loaded from" logger=settings file=C:\\grafanawindows-x64\\grafana-5.0.4.windows-x64\\grafana-5.0.4\\conf\\custom.ini
t=2019-07-19T14:59:35+0800 lvl=info msg="Path Home" logger=settings path=C:\\grafanawindows-x64\\grafana-5.0.4.windows-x64\\grafana-5.0.4
t=2019-07-19T14:59:35+0800 lvl=info msg="Path Data" logger=settings path=C:\\grafanawindows-x64\\grafana-5.0.4.windows-x64\\grafana-5.0.4\\data
t=2019-07-19T14:59:35+0800 lvl=info msg="Path Logs" logger=settings path=C:\\grafanawindows-x64\\grafana-5.0.4.windows-x64\\grafana-5.0.4\\data\\log
t=2019-07-19T14:59:35+0800 lvl=info msg="Path Plugins" logger=settings path=C:\\grafanawindows-x64\\grafana-5.0.4.windows-x64\\grafana-5.0.4\\data\\plugins
t=2019-07-19T14:59:35+0800 lvl=info msg="Path Provisioning" logger=settings path=C:\\grafanawindows-x64\\grafana-5.0.4.windows-x64\\grafana-5.0.4\\conf\\provisioning
t=2019-07-19T14:59:35+0800 lvl=info msg="App mode production" logger=settings
t=2019-07-19T14:59:35+0800 lvl=info msg="Initializing DB" logger=sqlstore dbtype=sqlite3
t=2019-07-19T14:59:35+0800 lvl=info msg="Starting DB migration" logger=migrator
t=2019-07-19T14:59:35+0800 lvl=info msg="Executing migration" logger=migrator id="copy data account to org"
t=2019-07-19T14:59:35+0800 lvl=info msg="Skipping migration condition not fulfilled" logger=migrator id="copy data account to org"
t=2019-07-19T14:59:35+0800 lvl=info msg="Executing migration" logger=migrator id="copy data account_user to org_user"
t=2019-07-19T14:59:35+0800 lvl=info msg="Skipping migration condition not fulfilled" logger=migrator id="copy data account_user to org_user"
t=2019-07-19T14:59:35+0800 lvl=info msg="Starting plugin search" logger=plugins
t=2019-07-19T14:59:35+0800 lvl=info msg="Initializing Alerting" logger=alerting.engine
t=2019-07-19T14:59:35+0800 lvl=info msg="Initializing CleanUpService" logger=cleanup
t=2019-07-19T14:59:35+0800 lvl=info msg="Initializing Stream Manager"
t=2019-07-19T14:59:35+0800 lvl=info msg="Initializing HTTP Server" logger=http.server address=0.0.0.0:8000 protocol=http subUrl= socket=
t=2019-07-19T14:59:49+0800 lvl=info msg="Starting Grafana" logger=server version=5.0.4 commit=7dc36ae2f compiled=2018-03-28T19:52:41+0800
t=2019-07-19T14:59:49+0800 lvl=info msg="Config loaded from" logger=settings file=C:\\grafanawindows-x64\\grafana-5.0.4.windows-x64\\grafana-5.0.4/conf/defaults.ini
t=2019-07-19T14:59:49+0800 lvl=info msg="Config loaded from" logger=settings file=C:\\grafanawindows-x64\\grafana-5.0.4.windows-x64\\grafana-5.0.4\\conf\\custom.ini
t=2019-07-19T14:59:49+0800 lvl=info msg="Path Home" logger=settings path=C:\\grafanawindows-x64\\grafana-5.0.4.windows-x64\\grafana-5.0.4
t=2019-07-19T14:59:49+0800 lvl=info msg="Path Data" logger=settings path=C:\\grafanawindows-x64\\grafana-5.0.4.windows-x64\\grafana-5.0.4\\data
t=2019-07-19T14:59:49+0800 lvl=info msg="Path Logs" logger=settings path=C:\\grafanawindows-x64\\grafana-5.0.4.windows-x64\\grafana-5.0.4\\data\\log
t=2019-07-19T14:59:49+0800 lvl=info msg="Path Plugins" logger=settings path=C:\\grafanawindows-x64\\grafana-5.0.4.windows-x64\\grafana-5.0.4\\data\\plugins
t=2019-07-19T14:59:49+0800 lvl=info msg="Path Provisioning" logger=settings path=C:\\grafanawindows-x64\\grafana-5.0.4.windows-x64\\grafana-5.0.4\\conf\\provisioning
t=2019-07-19T14:59:49+0800 lvl=info msg="App mode production" logger=settings
t=2019-07-19T14:59:49+0800 lvl=info msg="Initializing DB" logger=sqlstore dbtype=sqlite3
t=2019-07-19T14:59:49+0800 lvl=info msg="Starting DB migration" logger=migrator
t=2019-07-19T14:59:49+0800 lvl=info msg="Executing migration" logger=migrator id="copy data account to org"
t=2019-07-19T14:59:49+0800 lvl=info msg="Skipping migration condition not fulfilled" logger=migrator id="copy data account to org"
t=2019-07-19T14:59:49+0800 lvl=info msg="Executing migration" logger=migrator id="copy data account_user to org_user"
t=2019-07-19T14:59:49+0800 lvl=info msg="Skipping migration condition not fulfilled" logger=migrator id="copy data account_user to org_user"
t=2019-07-19T14:59:49+0800 lvl=info msg="Starting plugin search" logger=plugins
t=2019-07-19T14:59:49+0800 lvl=info msg="Initializing Alerting" logger=alerting.engine
t=2019-07-19T14:59:49+0800 lvl=info msg="Initializing CleanUpService" logger=cleanup
t=2019-07-19T14:59:49+0800 lvl=info msg="Initializing Stream Manager"
t=2019-07-19T14:59:49+0800 lvl=info msg="Initializing HTTP Server" logger=http.server address=0.0.0.0:8000 protocol=http subUrl= socket=
t=2019-07-19T15:01:22+0800 lvl=info msg="Starting Grafana" logger=server version=5.0.4 commit=7dc36ae2f compiled=2018-03-28T19:52:41+0800
t=2019-07-19T15:01:22+0800 lvl=info msg="Config loaded from" logger=settings file=C:\\grafanawindows-x64\\grafana-5.0.4.windows-x64\\grafana-5.0.4/conf/defaults.ini
t=2019-07-19T15:01:22+0800 lvl=info msg="Config loaded from" logger=settings file=C:\\grafanawindows-x64\\grafana-5.0.4.windows-x64\\grafana-5.0.4\\conf\\custom.ini
t=2019-07-19T15:01:22+0800 lvl=info msg="Path Home" logger=settings path=C:\\grafanawindows-x64\\grafana-5.0.4.windows-x64\\grafana-5.0.4
t=2019-07-19T15:01:22+0800 lvl=info msg="Path Data" logger=settings path=C:\\grafanawindows-x64\\grafana-5.0.4.windows-x64\\grafana-5.0.4\\data
t=2019-07-19T15:01:22+0800 lvl=info msg="Path Logs" logger=settings path=C:\\grafanawindows-x64\\grafana-5.0.4.windows-x64\\grafana-5.0.4\\data\\log
t=2019-07-19T15:01:22+0800 lvl=info msg="Path Plugins" logger=settings path=C:\\grafanawindows-x64\\grafana-5.0.4.windows-x64\\grafana-5.0.4\\data\\plugins
t=2019-07-19T15:01:22+0800 lvl=info msg="Path Provisioning" logger=settings path=C:\\grafanawindows-x64\\grafana-5.0.4.windows-x64\\grafana-5.0.4\\conf\\provisioning
t=2019-07-19T15:01:22+0800 lvl=info msg="App mode production" logger=settings
t=2019-07-19T15:01:22+0800 lvl=info msg="Initializing DB" logger=sqlstore dbtype=sqlite3
t=2019-07-19T15:01:22+0800 lvl=info msg="Starting DB migration" logger=migrator
t=2019-07-19T15:01:22+0800 lvl=info msg="Executing migration" logger=migrator id="copy data account to org"
t=2019-07-19T15:01:22+0800 lvl=info msg="Skipping migration condition not fulfilled" logger=migrator id="copy data account to org"
t=2019-07-19T15:01:22+0800 lvl=info msg="Executing migration" logger=migrator id="copy data account_user to org_user"
t=2019-07-19T15:01:22+0800 lvl=info msg="Skipping migration condition not fulfilled" logger=migrator id="copy data account_user to org_user"
t=2019-07-19T15:01:22+0800 lvl=info msg="Starting plugin search" logger=plugins
t=2019-07-19T15:01:22+0800 lvl=info msg="Initializing Alerting" logger=alerting.engine
t=2019-07-19T15:01:22+0800 lvl=info msg="Initializing CleanUpService" logger=cleanup
t=2019-07-19T15:01:22+0800 lvl=info msg="Initializing Stream Manager"
t=2019-07-19T15:01:22+0800 lvl=info msg="Initializing HTTP Server" logger=http.server address=0.0.0.0:8000 protocol=http subUrl= socket=
t=2019-07-19T15:03:11+0800 lvl=info msg="Starting Grafana" logger=server version=5.0.4 commit=7dc36ae2f compiled=2018-03-28T19:52:41+0800
t=2019-07-19T15:03:11+0800 lvl=info msg="Config loaded from" logger=settings file=C:\\grafanawindows-x64\\grafana-5.0.4.windows-x64\\grafana-5.0.4/conf/defaults.ini
t=2019-07-19T15:03:11+0800 lvl=info msg="Config loaded from" logger=settings file=C:\\grafanawindows-x64\\grafana-5.0.4.windows-x64\\grafana-5.0.4\\conf\\custom.ini
t=2019-07-19T15:03:11+0800 lvl=info msg="Path Home" logger=settings path=C:\\grafanawindows-x64\\grafana-5.0.4.windows-x64\\grafana-5.0.4
t=2019-07-19T15:03:11+0800 lvl=info msg="Path Data" logger=settings path=C:\\grafanawindows-x64\\grafana-5.0.4.windows-x64\\grafana-5.0.4\\data
t=2019-07-19T15:03:11+0800 lvl=info msg="Path Logs" logger=settings path=C:\\grafanawindows-x64\\grafana-5.0.4.windows-x64\\grafana-5.0.4\\data\\log
t=2019-07-19T15:03:11+0800 lvl=info msg="Path Plugins" logger=settings path=C:\\grafanawindows-x64\\grafana-5.0.4.windows-x64\\grafana-5.0.4\\data\\plugins
t=2019-07-19T15:03:11+0800 lvl=info msg="Path Provisioning" logger=settings path=C:\\grafanawindows-x64\\grafana-5.0.4.windows-x64\\grafana-5.0.4\\conf\\provisioning
t=2019-07-19T15:03:11+0800 lvl=info msg="App mode production" logger=settings
t=2019-07-19T15:03:11+0800 lvl=info msg="Initializing DB" logger=sqlstore dbtype=sqlite3
t=2019-07-19T15:03:11+0800 lvl=info msg="Starting DB migration" logger=migrator
t=2019-07-19T15:03:11+0800 lvl=info msg="Executing migration" logger=migrator id="copy data account to org"
t=2019-07-19T15:03:11+0800 lvl=info msg="Skipping migration condition not fulfilled" logger=migrator id="copy data account to org"
t=2019-07-19T15:03:11+0800 lvl=info msg="Executing migration" logger=migrator id="copy data account_user to org_user"
t=2019-07-19T15:03:11+0800 lvl=info msg="Skipping migration condition not fulfilled" logger=migrator id="copy data account_user to org_user"
t=2019-07-19T15:03:11+0800 lvl=info msg="Starting plugin search" logger=plugins
t=2019-07-19T15:03:11+0800 lvl=info msg="Initializing Alerting" logger=alerting.engine
t=2019-07-19T15:03:11+0800 lvl=info msg="Initializing CleanUpService" logger=cleanup
t=2019-07-19T15:03:11+0800 lvl=info msg="Initializing Stream Manager"
t=2019-07-19T15:03:11+0800 lvl=info msg="Initializing HTTP Server" logger=http.server address=0.0.0.0:8000 protocol=http subUrl= socket=
t=2019-07-19T15:03:41+0800 lvl=info msg="Starting Grafana" logger=server version=5.0.4 commit=7dc36ae2f compiled=2018-03-28T19:52:41+0800
t=2019-07-19T15:03:41+0800 lvl=info msg="Config loaded from" logger=settings file=C:\\grafanawindows-x64\\grafana-5.0.4.windows-x64\\grafana-5.0.4/conf/defaults.ini
t=2019-07-19T15:03:41+0800 lvl=info msg="Config loaded from" logger=settings file=C:\\grafanawindows-x64\\grafana-5.0.4.windows-x64\\grafana-5.0.4\\conf\\custom.ini
t=2019-07-19T15:03:41+0800 lvl=info msg="Path Home" logger=settings path=C:\\grafanawindows-x64\\grafana-5.0.4.windows-x64\\grafana-5.0.4
t=2019-07-19T15:03:41+0800 lvl=info msg="Path Data" logger=settings path=C:\\grafanawindows-x64\\grafana-5.0.4.windows-x64\\grafana-5.0.4\\data
t=2019-07-19T15:03:41+0800 lvl=info msg="Path Logs" logger=settings path=C:\\grafanawindows-x64\\grafana-5.0.4.windows-x64\\grafana-5.0.4\\data\\log
t=2019-07-19T15:03:41+0800 lvl=info msg="Path Plugins" logger=settings path=C:\\grafanawindows-x64\\grafana-5.0.4.windows-x64\\grafana-5.0.4\\data\\plugins
t=2019-07-19T15:03:41+0800 lvl=info msg="Path Provisioning" logger=settings path=C:\\grafanawindows-x64\\grafana-5.0.4.windows-x64\\grafana-5.0.4\\conf\\provisioning
t=2019-07-19T15:03:41+0800 lvl=info msg="App mode production" logger=settings
t=2019-07-19T15:03:41+0800 lvl=info msg="Initializing DB" logger=sqlstore dbtype=sqlite3
t=2019-07-19T15:03:41+0800 lvl=info msg="Starting DB migration" logger=migrator
t=2019-07-19T15:03:41+0800 lvl=info msg="Executing migration" logger=migrator id="copy data account to org"
t=2019-07-19T15:03:41+0800 lvl=info msg="Skipping migration condition not fulfilled" logger=migrator id="copy data account to org"
t=2019-07-19T15:03:41+0800 lvl=info msg="Executing migration" logger=migrator id="copy data account_user to org_user"
t=2019-07-19T15:03:41+0800 lvl=info msg="Skipping migration condition not fulfilled" logger=migrator id="copy data account_user to org_user"
t=2019-07-19T15:03:41+0800 lvl=info msg="Starting plugin search" logger=plugins
t=2019-07-19T15:03:41+0800 lvl=info msg="Initializing Alerting" logger=alerting.engine
t=2019-07-19T15:03:41+0800 lvl=info msg="Initializing CleanUpService" logger=cleanup
t=2019-07-19T15:03:41+0800 lvl=info msg="Initializing Stream Manager"
t=2019-07-19T15:03:41+0800 lvl=info msg="Initializing HTTP Server" logger=http.server address=0.0.0.0:8888 protocol=http subUrl= socket=
t=2019-07-19T15:03:55+0800 lvl=info msg="Request Completed" logger=context userId=0 orgId=0 uname= method=GET path=/ status=302 remote_addr=[::1] time_ms=7 size=29 referer=
t=2019-07-19T15:08:01+0800 lvl=info msg="Request Completed" logger=context userId=1 orgId=1 uname=admin method=GET path=/login status=302 remote_addr=[::1] time_ms=12 size=24 referer=
t=2019-07-19T15:30:09+0800 lvl=info msg="Request Completed" logger=context userId=1 orgId=1 uname=admin method=GET path=/logout status=302 remote_addr=[::1] time_ms=69 size=29 referer=http://localhost:8888/datasources/new
t=2019-07-19T15:30:31+0800 lvl=info msg="Request Completed" logger=context userId=0 orgId=0 uname= method=GET path=/ status=302 remote_addr=[::1] time_ms=20 size=29 referer=
t=2019-07-19T15:30:36+0800 lvl=info msg="Request Completed" logger=context userId=0 orgId=0 uname= method=GET path=/ status=302 remote_addr=[::1] time_ms=8 size=29 referer=
t=2019-07-19T15:50:56+0800 lvl=eror msg="Request Completed" logger=context userId=1 orgId=1 uname=admin method=POST path=/api/tsdb/query status=500 remote_addr=[::1] time_ms=56 size=957 referer="http://localhost:8888/dashboard/new?panelId=2&fullscreen&edit&orgId=1&tab=legend"
t=2019-07-19T15:50:58+0800 lvl=eror msg="Request Completed" logger=context userId=1 orgId=1 uname=admin method=POST path=/api/tsdb/query status=500 remote_addr=[::1] time_ms=55 size=957 referer="http://localhost:8888/dashboard/new?panelId=2&fullscreen&edit&orgId=1&tab=legend"
t=2019-07-19T15:52:34+0800 lvl=eror msg="Request Completed" logger=context userId=1 orgId=1 uname=admin method=POST path=/api/tsdb/query status=500 remote_addr=[::1] time_ms=13 size=957 referer="http://localhost:8888/dashboard/new?panelId=2&fullscreen&edit&orgId=1&tab=time%20range"
t=2019-07-19T15:52:39+0800 lvl=eror msg="Request Completed" logger=context userId=1 orgId=1 uname=admin method=POST path=/api/tsdb/query status=500 remote_addr=[::1] time_ms=9 size=957 referer="http://localhost:8888/dashboard/new?panelId=2&fullscreen&edit&orgId=1&tab=time%20range"
t=2019-07-19T15:52:52+0800 lvl=eror msg="Request Completed" logger=context userId=1 orgId=1 uname=admin method=POST path=/api/tsdb/query status=500 remote_addr=[::1] time_ms=15 size=957 referer="http://localhost:8888/dashboard/new?panelId=2&fullscreen&edit&orgId=1&tab=time%20range"
t=2019-07-19T15:52:54+0800 lvl=eror msg="Request Completed" logger=context userId=1 orgId=1 uname=admin method=POST path=/api/tsdb/query status=500 remote_addr=[::1] time_ms=11 size=957 referer="http://localhost:8888/dashboard/new?panelId=2&fullscreen&edit&orgId=1&tab=time%20range"
t=2019-07-19T15:53:47+0800 lvl=eror msg="Request Completed" logger=context userId=1 orgId=1 uname=admin method=POST path=/api/tsdb/query status=500 remote_addr=[::1] time_ms=8 size=957 referer="http://localhost:8888/dashboard/new?panelId=2&fullscreen&edit&orgId=1&tab=time%20range"
t=2019-07-19T15:53:53+0800 lvl=eror msg="Request Completed" logger=context userId=1 orgId=1 uname=admin method=POST path=/api/tsdb/query status=500 remote_addr=[::1] time_ms=20 size=957 referer="http://localhost:8888/dashboard/new?panelId=2&fullscreen&edit&orgId=1&tab=time%20range"
t=2019-07-19T15:54:07+0800 lvl=eror msg="Request Completed" logger=context userId=1 orgId=1 uname=admin method=POST path=/api/tsdb/query status=500 remote_addr=[::1] time_ms=17 size=957 referer="http://localhost:8888/dashboard/new?panelId=2&fullscreen&edit&orgId=1&tab=time%20range"
t=2019-07-19T15:54:56+0800 lvl=eror msg="Request Completed" logger=context userId=1 orgId=1 uname=admin method=POST path=/api/tsdb/query status=500 remote_addr=[::1] time_ms=20 size=957 referer="http://localhost:8888/dashboard/new?panelId=2&fullscreen&edit&orgId=1&tab=time%20range"
t=2019-07-19T15:55:03+0800 lvl=eror msg="Request Completed" logger=context userId=1 orgId=1 uname=admin method=POST path=/api/tsdb/query status=500 remote_addr=[::1] time_ms=9 size=957 referer="http://localhost:8888/dashboard/new?panelId=2&fullscreen&edit&orgId=1&tab=time%20range"
t=2019-07-19T15:55:16+0800 lvl=eror msg="Request Completed" logger=context userId=1 orgId=1 uname=admin method=POST path=/api/tsdb/query status=500 remote_addr=[::1] time_ms=25 size=957 referer="http://localhost:8888/dashboard/new?panelId=2&fullscreen&edit&orgId=1&tab=time%20range"
t=2019-07-19T15:55:26+0800 lvl=eror msg="Request Completed" logger=context userId=1 orgId=1 uname=admin method=POST path=/api/tsdb/query status=500 remote_addr=[::1] time_ms=27 size=957 referer="http://localhost:8888/dashboard/new?panelId=2&fullscreen&edit&orgId=1&tab=time%20range"
t=2019-07-19T15:55:59+0800 lvl=eror msg="Request Completed" logger=context userId=1 orgId=1 uname=admin method=POST path=/api/tsdb/query status=500 remote_addr=[::1] time_ms=93 size=957 referer="http://localhost:8888/dashboard/new?panelId=2&fullscreen&edit&orgId=1&tab=time%20range"
t=2019-07-19T15:57:56+0800 lvl=eror msg="Request Completed" logger=context userId=1 orgId=1 uname=admin method=POST path=/api/tsdb/query status=500 remote_addr=[::1] time_ms=13 size=957 referer="http://localhost:8888/dashboard/new?panelId=2&fullscreen&edit&orgId=1&tab=metrics"
t=2019-07-19T15:58:03+0800 lvl=eror msg="Request Completed" logger=context userId=1 orgId=1 uname=admin method=POST path=/api/tsdb/query status=500 remote_addr=[::1] time_ms=6 size=957 referer="http://localhost:8888/dashboard/new?panelId=2&fullscreen&edit&orgId=1&tab=metrics"
t=2019-07-19T15:58:07+0800 lvl=eror msg="Request Completed" logger=context userId=1 orgId=1 uname=admin method=POST path=/api/tsdb/query status=500 remote_addr=[::1] time_ms=11 size=957 referer="http://localhost:8888/dashboard/new?panelId=2&fullscreen&edit&orgId=1&tab=metrics"
t=2019-07-19T15:58:20+0800 lvl=eror msg="Request Completed" logger=context userId=1 orgId=1 uname=admin method=POST path=/api/tsdb/query status=500 remote_addr=[::1] time_ms=14 size=957 referer="http://localhost:8888/dashboard/new?panelId=2&fullscreen&edit&orgId=1&tab=metrics"
t=2019-07-19T15:58:23+0800 lvl=eror msg="Request Completed" logger=context userId=1 orgId=1 uname=admin method=POST path=/api/tsdb/query status=500 remote_addr=[::1] time_ms=17 size=957 referer="http://localhost:8888/dashboard/new?panelId=2&fullscreen&edit&orgId=1&tab=metrics"
t=2019-07-19T15:59:07+0800 lvl=eror msg="Request Completed" logger=context userId=1 orgId=1 uname=admin method=POST path=/api/tsdb/query status=500 remote_addr=[::1] time_ms=8 size=957 referer="http://localhost:8888/dashboard/new?panelId=2&fullscreen&edit&orgId=1&tab=metrics"
t=2019-07-19T15:59:09+0800 lvl=eror msg="Request Completed" logger=context userId=1 orgId=1 uname=admin method=POST path=/api/tsdb/query status=500 remote_addr=[::1] time_ms=7 size=957 referer="http://localhost:8888/dashboard/new?panelId=2&fullscreen&edit&orgId=1&tab=metrics"
t=2019-07-19T15:59:12+0800 lvl=info msg="Request Completed" logger=context userId=1 orgId=1 uname=admin method=GET path=/dashboard/new status=404 remote_addr=[::1] time_ms=9 size=14017 referer="http://localhost:8888/dashboard/new?panelId=2&fullscreen&edit&orgId=1&tab=general"
t=2019-07-19T15:59:33+0800 lvl=eror msg="Request Completed" logger=context userId=1 orgId=1 uname=admin method=POST path=/api/tsdb/query status=500 remote_addr=[::1] time_ms=10 size=1618 referer="http://localhost:8888/dashboard/new?panelId=2&fullscreen&edit&orgId=1&tab=metrics"
t=2019-07-19T15:59:36+0800 lvl=eror msg="Request Completed" logger=context userId=1 orgId=1 uname=admin method=POST path=/api/tsdb/query status=500 remote_addr=[::1] time_ms=28 size=1618 referer="http://localhost:8888/dashboard/new?panelId=2&fullscreen&edit&orgId=1&tab=metrics"
t=2019-07-19T15:59:43+0800 lvl=eror msg="Request Completed" logger=context userId=1 orgId=1 uname=admin method=POST path=/api/tsdb/query status=500 remote_addr=[::1] time_ms=7 size=957 referer="http://localhost:8888/dashboard/new?panelId=2&fullscreen&edit&orgId=1&tab=metrics"
t=2019-07-19T15:59:46+0800 lvl=eror msg="Request Completed" logger=context userId=1 orgId=1 uname=admin method=POST path=/api/tsdb/query status=500 remote_addr=[::1] time_ms=13 size=157 referer="http://localhost:8888/dashboard/new?panelId=2&fullscreen&edit&orgId=1&tab=metrics"
t=2019-07-19T15:59:48+0800 lvl=info msg="Request Completed" logger=context userId=1 orgId=1 uname=admin method=GET path=/dashboard/new status=404 remote_addr=[::1] time_ms=10 size=14017 referer="http://localhost:8888/dashboard/new?panelId=2&fullscreen&edit&orgId=1&tab=general"
t=2019-07-19T16:00:11+0800 lvl=info msg="Request Completed" logger=context userId=1 orgId=1 uname=admin method=GET path=/dashboard/new status=404 remote_addr=[::1] time_ms=14 size=14017 referer="http://localhost:8888/dashboard/new?panelId=2&fullscreen&edit&orgId=1&tab=general"
t=2019-07-19T16:01:06+0800 lvl=eror msg="Request Completed" logger=context userId=1 orgId=1 uname=admin method=POST path=/api/tsdb/query status=500 remote_addr=[::1] time_ms=118 size=957 referer="http://localhost:8888/dashboard/new?panelId=4&fullscreen&edit&orgId=1&from=1563490822371&to=1563512422373&tab=time%20range"
t=2019-07-19T16:01:10+0800 lvl=eror msg="Request Completed" logger=context userId=1 orgId=1 uname=admin method=POST path=/api/tsdb/query status=500 remote_addr=[::1] time_ms=16 size=957 referer="http://localhost:8888/dashboard/new?panelId=4&fullscreen&edit&orgId=1&from=1563490822371&to=1563512422373&tab=time%20range"
t=2019-07-19T16:03:31+0800 lvl=eror msg="Request Completed" logger=context userId=1 orgId=1 uname=admin method=POST path=/api/tsdb/query status=500 remote_addr=[::1] time_ms=10 size=957 referer="http://localhost:8888/d/GzMccIHWk/line1?orgId=1"
t=2019-07-19T16:04:15+0800 lvl=eror msg="Request Completed" logger=context userId=1 orgId=1 uname=admin method=POST path=/api/tsdb/query status=500 remote_addr=[::1] time_ms=11 size=957 referer="http://localhost:8888/d/GzMccIHWk/line1?orgId=1"
t=2019-07-19T16:04:38+0800 lvl=eror msg="Request Completed" logger=context userId=1 orgId=1 uname=admin method=POST path=/api/tsdb/query status=500 remote_addr=[::1] time_ms=9 size=957 referer="http://localhost:8888/d/GzMccIHWk/line1?orgId=1"
t=2019-07-19T16:05:08+0800 lvl=info msg="Request Completed" logger=context userId=1 orgId=1 uname=admin method=GET path=/dashboard/new status=404 remote_addr=[::1] time_ms=7 size=14017 referer="http://localhost:8888/dashboard/new?panelId=2&fullscreen&edit&orgId=1&tab=general"
t=2020-06-25T17:34:43+0800 lvl=info msg="Starting Grafana" logger=server version=5.0.4 commit=7dc36ae2f compiled=2018-03-28T19:52:41+0800
t=2020-06-25T17:34:43+0800 lvl=info msg="Config loaded from" logger=settings file=D:\\grafana-5.0.4/conf/defaults.ini
t=2020-06-25T17:34:43+0800 lvl=info msg="Config loaded from" logger=settings file=D:\\grafana-5.0.4\\conf\\custom.ini
t=2020-06-25T17:34:43+0800 lvl=info msg="Path Home" logger=settings path=D:\\grafana-5.0.4
t=2020-06-25T17:34:43+0800 lvl=info msg="Path Data" logger=settings path=D:\\grafana-5.0.4\\data
t=2020-06-25T17:34:43+0800 lvl=info msg="Path Logs" logger=settings path=D:\\grafana-5.0.4\\data\\log
t=2020-06-25T17:34:43+0800 lvl=info msg="Path Plugins" logger=settings path=D:\\grafana-5.0.4\\data\\plugins
t=2020-06-25T17:34:43+0800 lvl=info msg="Path Provisioning" logger=settings path=D:\\grafana-5.0.4\\conf\\provisioning
t=2020-06-25T17:34:43+0800 lvl=info msg="App mode production" logger=settings
t=2020-06-25T17:34:43+0800 lvl=info msg="Initializing DB" logger=sqlstore dbtype=sqlite3
t=2020-06-25T17:34:43+0800 lvl=info msg="Starting DB migration" logger=migrator
t=2020-06-25T17:34:43+0800 lvl=info msg="Executing migration" logger=migrator id="copy data account to org"
t=2020-06-25T17:34:43+0800 lvl=info msg="Skipping migration condition not fulfilled" logger=migrator id="copy data account to org"
t=2020-06-25T17:34:43+0800 lvl=info msg="Executing migration" logger=migrator id="copy data account_user to org_user"
t=2020-06-25T17:34:43+0800 lvl=info msg="Skipping migration condition not fulfilled" logger=migrator id="copy data account_user to org_user"
t=2020-06-25T17:34:43+0800 lvl=info msg="Starting plugin search" logger=plugins
t=2020-06-25T17:34:43+0800 lvl=info msg="Initializing Alerting" logger=alerting.engine
t=2020-06-25T17:34:43+0800 lvl=info msg="Initializing CleanUpService" logger=cleanup
t=2020-06-25T17:34:43+0800 lvl=info msg="Initializing Stream Manager"
t=2020-06-25T17:34:43+0800 lvl=info msg="Initializing HTTP Server" logger=http.server address=0.0.0.0:3000 protocol=http subUrl= socket=
t=2020-06-25T17:35:02+0800 lvl=info msg="Request Completed" logger=context userId=0 orgId=0 uname= method=GET path=/ status=302 remote_addr=[::1] time_ms=7 size=29 referer=
t=2020-06-25T17:36:25+0800 lvl=info msg="Request Completed" logger=context userId=1 orgId=1 uname=admin method=GET path=/query status=404 remote_addr=[::1] time_ms=6 size=14648 referer=http://localhost:3000/datasources/edit/2?gettingstarted
t=2020-06-25T17:36:56+0800 lvl=info msg="Request Completed" logger=context userId=1 orgId=1 uname=admin method=GET path=/query status=404 remote_addr=[::1] time_ms=5 size=14658 referer=http://localhost:3000/datasources/edit/2?gettingstarted
t=2020-06-25T17:40:56+0800 lvl=info msg="Request Completed" logger=context userId=1 orgId=1 uname=admin method=GET path=/api/gnet/dashboards/undefined status=404 remote_addr=[::1] time_ms=911 size=60 referer=http://localhost:3000/dashboard/import
t=2020-06-25T17:47:29+0800 lvl=info msg="Request Completed" logger=context userId=1 orgId=1 uname=admin method=GET path=/api/gnet/dashboards/undefined status=404 remote_addr=[::1] time_ms=919 size=60 referer=http://localhost:3000/dashboard/import
t=2020-06-25T18:09:28+0800 lvl=info msg="Request Completed" logger=context userId=1 orgId=1 uname=admin method=GET path=/api/datasources/proxy/3/api/v1/series status=502 remote_addr=[::1] time_ms=1310 size=0 referer="http://localhost:3000/d/7UlnHoGZz/uploader?refresh=10s"
t=2020-06-25T18:12:27+0800 lvl=info msg="Request Completed" logger=context userId=1 orgId=1 uname=admin method=GET path=/api/datasources/proxy/4/metrics/find status=404 remote_addr=[::1] time_ms=87 size=153 referer=http://localhost:3000/datasources/edit/4
t=2020-06-25T18:12:27+0800 lvl=info msg="Request Completed" logger=context userId=1 orgId=1 uname=admin method=GET path=/api/datasources/proxy/4/version status=404 remote_addr=[::1] time_ms=46 size=148 referer=http://localhost:3000/datasources/edit/4
t=2020-06-25T18:12:59+0800 lvl=info msg="Request Completed" logger=context userId=1 orgId=1 uname=admin method=GET path=/api/datasources/proxy/3/api/v1/series status=502 remote_addr=[::1] time_ms=1311 size=0 referer="http://localhost:3000/d/7UlnHoGZz/uploader?refresh=10s"
t=2020-06-25T18:13:15+0800 lvl=info msg="Request Completed" logger=context userId=1 orgId=1 uname=admin method=GET path=/api/datasources/proxy/3/api/v1/label/__name__/values status=502 remote_addr=[::1] time_ms=1312 size=0 referer="http://localhost:3000/d/7UlnHoGZz/uploader?refresh=10s&panelId=21&fullscreen&edit&orgId=1"
t=2020-06-25T18:13:17+0800 lvl=info msg="Request Completed" logger=context userId=1 orgId=1 uname=admin method=GET path=/api/datasources/proxy/3/api/v1/label/__name__/values status=502 remote_addr=[::1] time_ms=1309 size=0 referer="http://localhost:3000/d/7UlnHoGZz/uploader?refresh=10s&panelId=21&fullscreen&edit&orgId=1"
t=2020-06-25T18:13:18+0800 lvl=info msg="Request Completed" logger=context userId=1 orgId=1 uname=admin method=GET path=/api/datasources/proxy/3/api/v1/label/__name__/values status=502 remote_addr=[::1] time_ms=1310 size=0 referer="http://localhost:3000/d/7UlnHoGZz/uploader?refresh=10s&panelId=21&fullscreen&edit&orgId=1"
t=2020-06-25T18:13:19+0800 lvl=info msg="Request Completed" logger=context userId=1 orgId=1 uname=admin method=GET path=/api/datasources/proxy/3/api/v1/label/__name__/values status=502 remote_addr=[::1] time_ms=1309 size=0 referer="http://localhost:3000/d/7UlnHoGZz/uploader?refresh=10s&panelId=21&fullscreen&edit&orgId=1"
t=2020-06-25T18:14:00+0800 lvl=info msg="Request Completed" logger=context userId=1 orgId=1 uname=admin method=GET path=/api/datasources/proxy/4/version status=404 remote_addr=[::1] time_ms=21 size=148 referer=http://localhost:3000/datasources/edit/4
t=2020-06-25T18:16:20+0800 lvl=info msg="Request Completed" logger=context userId=1 orgId=1 uname=admin method=GET path=/api/datasources/proxy/3/api/v1/label/__name__/values status=502 remote_addr=[::1] time_ms=1313 size=0 referer="http://localhost:3000/dashboard/new?panelId=2&fullscreen&edit&orgId=1&from=1593080143000&to=now"
t=2020-06-25T18:16:22+0800 lvl=info msg="Request Completed" logger=context userId=1 orgId=1 uname=admin method=GET path=/api/datasources/proxy/3/api/v1/label/__name__/values status=502 remote_addr=[::1] time_ms=1310 size=0 referer="http://localhost:3000/dashboard/new?panelId=2&fullscreen&edit&orgId=1&from=1593080143000&to=now"
t=2020-06-25T18:16:23+0800 lvl=info msg="Request Completed" logger=context userId=1 orgId=1 uname=admin method=GET path=/api/datasources/proxy/3/api/v1/label/__name__/values status=502 remote_addr=[::1] time_ms=1311 size=0 referer="http://localhost:3000/dashboard/new?panelId=2&fullscreen&edit&orgId=1&from=1593080143000&to=now"
t=2020-06-25T18:16:24+0800 lvl=info msg="Request Completed" logger=context userId=1 orgId=1 uname=admin method=GET path=/api/datasources/proxy/3/api/v1/label/__name__/values status=502 remote_addr=[::1] time_ms=1312 size=0 referer="http://localhost:3000/dashboard/new?panelId=2&fullscreen&edit&orgId=1&from=1593080143000&to=now"
t=2020-06-25T18:17:01+0800 lvl=info msg="Request Completed" logger=context userId=1 orgId=1 uname=admin method=GET path=/api/datasources/proxy/3/api/v1/label/__name__/values status=502 remote_addr=[::1] time_ms=1311 size=0 referer="http://localhost:3000/dashboard/new?panelId=2&fullscreen&edit&orgId=1&from=1593080143000&to=now&tab=metrics"
t=2020-06-25T18:17:03+0800 lvl=info msg="Request Completed" logger=context userId=1 orgId=1 uname=admin method=GET path=/api/datasources/proxy/3/api/v1/label/__name__/values status=502 remote_addr=[::1] time_ms=1315 size=0 referer="http://localhost:3000/dashboard/new?panelId=2&fullscreen&edit&orgId=1&from=1593080143000&to=now&tab=metrics"
t=2020-06-25T18:29:10+0800 lvl=info msg="Request Completed" logger=context userId=1 orgId=1 uname=admin method=GET path=/api/datasources/proxy/3/api/v1/query_range status=400 remote_addr=[::1] time_ms=3 size=113 referer="http://localhost:3000/dashboard/new?panelId=2&fullscreen&edit&orgId=1&from=now-1m&to=now&tab=metrics"
t=2020-06-25T18:33:06+0800 lvl=info msg="Shutdown started" logger=server code=0 reason="system signal: interrupt"
t=2020-06-25T18:33:06+0800 lvl=info msg="Stopped HTTP server" logger=http.server
t=2020-06-25T18:33:06+0800 lvl=info msg="Stopped CleanUpService" logger=cleanup reason="context canceled"
t=2020-06-25T18:33:06+0800 lvl=info msg="Stopped Plugins" logger=plugins error="context canceled"
t=2020-06-25T18:33:06+0800 lvl=info msg="Stopped Stream Manager"
t=2020-06-25T18:33:06+0800 lvl=info msg="Stopped Alerting" logger=alerting.engine reason="context canceled"
t=2020-06-25T18:33:06+0800 lvl=info msg="Grafana shutdown completed." code=0
t=2020-06-26T12:16:24+0800 lvl=info msg="Starting Grafana" logger=server version=5.0.4 commit=7dc36ae2f compiled=2018-03-28T19:52:41+0800
t=2020-06-26T12:16:24+0800 lvl=info msg="Config loaded from" logger=settings file=D:\\grafana-5.0.4/conf/defaults.ini
t=2020-06-26T12:16:24+0800 lvl=info msg="Config loaded from" logger=settings file=D:\\grafana-5.0.4\\conf\\custom.ini
t=2020-06-26T12:16:24+0800 lvl=info msg="Path Home" logger=settings path=D:\\grafana-5.0.4
t=2020-06-26T12:16:24+0800 lvl=info msg="Path Data" logger=settings path=D:\\grafana-5.0.4\\data
t=2020-06-26T12:16:24+0800 lvl=info msg="Path Logs" logger=settings path=D:\\grafana-5.0.4\\data\\log
t=2020-06-26T12:16:24+0800 lvl=info msg="Path Plugins" logger=settings path=D:\\grafana-5.0.4\\data\\plugins
t=2020-06-26T12:16:24+0800 lvl=info msg="Path Provisioning" logger=settings path=D:\\grafana-5.0.4\\conf\\provisioning
t=2020-06-26T12:16:24+0800 lvl=info msg="App mode production" logger=settings
t=2020-06-26T12:16:24+0800 lvl=info msg="Initializing DB" logger=sqlstore dbtype=sqlite3
t=2020-06-26T12:16:24+0800 lvl=info msg="Starting DB migration" logger=migrator
t=2020-06-26T12:16:24+0800 lvl=info msg="Executing migration" logger=migrator id="copy data account to org"
t=2020-06-26T12:16:24+0800 lvl=info msg="Skipping migration condition not fulfilled" logger=migrator id="copy data account to org"
t=2020-06-26T12:16:24+0800 lvl=info msg="Executing migration" logger=migrator id="copy data account_user to org_user"
t=2020-06-26T12:16:24+0800 lvl=info msg="Skipping migration condition not fulfilled" logger=migrator id="copy data account_user to org_user"
t=2020-06-26T12:16:24+0800 lvl=info msg="Starting plugin search" logger=plugins
t=2020-06-26T12:16:24+0800 lvl=info msg="Initializing CleanUpService" logger=cleanup
t=2020-06-26T12:16:24+0800 lvl=info msg="Initializing Alerting" logger=alerting.engine
t=2020-06-26T12:16:24+0800 lvl=info msg="Initializing Stream Manager"
t=2020-06-26T12:16:24+0800 lvl=info msg="Initializing HTTP Server" logger=http.server address=0.0.0.0:3000 protocol=http subUrl= socket=
t=2020-06-26T12:16:44+0800 lvl=info msg="Request Completed" logger=context userId=0 orgId=0 uname= method=GET path=/ status=302 remote_addr=[::1] time_ms=10 size=29 referer=
t=2020-06-26T12:16:44+0800 lvl=info msg="Request Completed" logger=context userId=0 orgId=0 uname= method=GET path=/login status=302 remote_addr=[::1] time_ms=16 size=24 referer=
t=2020-06-26T12:21:45+0800 lvl=eror msg="Failed to get user with id" logger=context userId=1 error="User not found"
t=2020-06-26T12:21:45+0800 lvl=info msg="Request Completed" logger=context userId=0 orgId=0 uname= method=GET path=/api/annotations status=401 remote_addr=[::1] time_ms=3 size=26 referer="http://localhost:3000/d/7UlnHoGZz/upload?refresh=10s&panelId=25&fullscreen&edit&orgId=1&from=now-1m&to=now"
t=2020-06-26T12:55:42+0800 lvl=eror msg="Failed to get user with id" logger=context userId=1 error="User not found"
t=2020-06-26T12:55:42+0800 lvl=info msg="Request Completed" logger=context userId=0 orgId=0 uname= method=GET path=/api/datasources/proxy/3/api/v1/query_range status=401 remote_addr=[::1] time_ms=16 size=26 referer="http://localhost:3000/d/7UlnHoGZz/uploader?refresh=10s&panelId=25&orgId=1&from=now-1m&to=now&tab=general"
t=2020-06-26T12:55:42+0800 lvl=eror msg="Failed to get user with id" logger=context userId=1 error="User not found"
t=2020-06-26T12:55:42+0800 lvl=info msg="Request Completed" logger=context userId=0 orgId=0 uname= method=GET path=/api/datasources/proxy/3/api/v1/query_range status=401 remote_addr=[::1] time_ms=31 size=26 referer="http://localhost:3000/d/7UlnHoGZz/uploader?refresh=10s&panelId=25&orgId=1&from=now-1m&to=now&tab=general"
t=2020-06-26T13:01:08+0800 lvl=info msg="Database table locked, sleeping then retrying" logger=sqlstore retry=0
t=2020-06-26T13:01:21+0800 lvl=info msg="New state change" logger=alerting.resultHandler alertId=1 newState=ok prev state=pending
t=2020-06-26T13:01:44+0800 lvl=info msg="Sending alert notification to" logger=alerting.notifier.email addresses=[1024215320@qq.com]
t=2020-06-26T13:01:44+0800 lvl=eror msg="Failed to send alert notification email" logger=alerting.notifier.email error="SMTP not configured, check your grafana.ini config file's [smtp] section."
t=2020-06-26T13:01:44+0800 lvl=eror msg="SMTP not configured, check your grafana.ini config file's [smtp] section." logger=context userId=1 orgId=1 uname=admin error="SMTP not configured, check your grafana.ini config file's [smtp] section."
t=2020-06-26T13:01:44+0800 lvl=info msg="Request Completed" logger=context userId=1 orgId=1 uname=admin method=POST path=/api/alert-notifications/test status=412 remote_addr=[::1] time_ms=4 size=87 referer=http://localhost:3000/alerting/notification/new
t=2020-06-26T13:04:35+0800 lvl=info msg="Sending alert notification to" logger=alerting.notifier.email addresses=[1024215320@qq.com]
t=2020-06-26T13:04:35+0800 lvl=eror msg="Failed to send alert notification email" logger=alerting.notifier.email error="SMTP not configured, check your grafana.ini config file's [smtp] section."
t=2020-06-26T13:04:35+0800 lvl=eror msg="SMTP not configured, check your grafana.ini config file's [smtp] section." logger=context userId=1 orgId=1 uname=admin error="SMTP not configured, check your grafana.ini config file's [smtp] section."
t=2020-06-26T13:04:35+0800 lvl=info msg="Request Completed" logger=context userId=1 orgId=1 uname=admin method=POST path=/api/alert-notifications/test status=412 remote_addr=[::1] time_ms=5 size=87 referer=http://localhost:3000/alerting/notification/new
t=2020-06-26T13:07:28+0800 lvl=info msg="Shutdown started" logger=server code=0 reason="system signal: interrupt"
t=2020-06-26T13:07:28+0800 lvl=info msg="Stopped HTTP server" logger=http.server
t=2020-06-26T13:07:28+0800 lvl=info msg="Stopped CleanUpService" logger=cleanup reason="context canceled"
t=2020-06-26T13:07:28+0800 lvl=info msg="Stopped Plugins" logger=plugins error="context canceled"
t=2020-06-26T13:07:28+0800 lvl=info msg="Stopped Stream Manager"
t=2020-06-26T13:07:28+0800 lvl=info msg="Stopped Alerting" logger=alerting.engine reason="context canceled"
t=2020-06-26T13:07:28+0800 lvl=info msg="Grafana shutdown completed." code=0
t=2020-06-26T13:07:34+0800 lvl=info msg="Starting Grafana" logger=server version=5.0.4 commit=7dc36ae2f compiled=2018-03-28T19:52:41+0800
t=2020-06-26T13:07:34+0800 lvl=info msg="Config loaded from" logger=settings file=D:\\grafana-5.0.4/conf/defaults.ini
t=2020-06-26T13:07:34+0800 lvl=info msg="Config loaded from" logger=settings file=D:\\grafana-5.0.4\\conf\\custom.ini
t=2020-06-26T13:07:34+0800 lvl=info msg="Path Home" logger=settings path=D:\\grafana-5.0.4
t=2020-06-26T13:07:34+0800 lvl=info msg="Path Data" logger=settings path=D:\\grafana-5.0.4\\data
t=2020-06-26T13:07:34+0800 lvl=info msg="Path Logs" logger=settings path=D:\\grafana-5.0.4\\data\\log
t=2020-06-26T13:07:34+0800 lvl=info msg="Path Plugins" logger=settings path=D:\\grafana-5.0.4\\data\\plugins
t=2020-06-26T13:07:34+0800 lvl=info msg="Path Provisioning" logger=settings path=D:\\grafana-5.0.4\\conf\\provisioning
t=2020-06-26T13:07:34+0800 lvl=info msg="App mode production" logger=settings
t=2020-06-26T13:07:34+0800 lvl=info msg="Initializing DB" logger=sqlstore dbtype=sqlite3
t=2020-06-26T13:07:34+0800 lvl=info msg="Starting DB migration" logger=migrator
t=2020-06-26T13:07:34+0800 lvl=info msg="Executing migration" logger=migrator id="copy data account to org"
t=2020-06-26T13:07:34+0800 lvl=info msg="Skipping migration condition not fulfilled" logger=migrator id="copy data account to org"
t=2020-06-26T13:07:34+0800 lvl=info msg="Executing migration" logger=migrator id="copy data account_user to org_user"
t=2020-06-26T13:07:34+0800 lvl=info msg="Skipping migration condition not fulfilled" logger=migrator id="copy data account_user to org_user"
t=2020-06-26T13:07:34+0800 lvl=info msg="Starting plugin search" logger=plugins
t=2020-06-26T13:07:34+0800 lvl=info msg="Initializing Alerting" logger=alerting.engine
t=2020-06-26T13:07:34+0800 lvl=info msg="Initializing CleanUpService" logger=cleanup
t=2020-06-26T13:07:34+0800 lvl=info msg="Initializing Stream Manager"
t=2020-06-26T13:07:34+0800 lvl=info msg="Initializing HTTP Server" logger=http.server address=0.0.0.0:3000 protocol=http subUrl= socket=
t=2020-06-26T13:08:12+0800 lvl=info msg="Sending alert notification to" logger=alerting.notifier.email addresses=[1024215320@qq.com]
t=2020-06-26T13:08:14+0800 lvl=eror msg="Failed to send alert notification email" logger=alerting.notifier.email error="dial tcp [::1]:25: connectex: No connection could be made because the target machine actively refused it."
t=2020-06-26T13:08:14+0800 lvl=eror msg="Failed to send alert notifications" logger=context userId=1 orgId=1 uname=admin error="dial tcp [::1]:25: connectex: No connection could be made because the target machine actively refused it."
t=2020-06-26T13:08:14+0800 lvl=eror msg="Request Completed" logger=context userId=1 orgId=1 uname=admin method=POST path=/api/alert-notifications/test status=500 remote_addr=[::1] time_ms=2017 size=48 referer=http://localhost:3000/alerting/notification/new
t=2020-06-26T13:08:26+0800 lvl=info msg="Sending alert notification to" logger=alerting.notifier.email addresses=[1024215320@qq.com]
t=2020-06-26T13:08:28+0800 lvl=eror msg="Failed to send alert notification email" logger=alerting.notifier.email error="dial tcp [::1]:25: connectex: No connection could be made because the target machine actively refused it."
t=2020-06-26T13:08:28+0800 lvl=eror msg="Failed to send alert notifications" logger=context userId=1 orgId=1 uname=admin error="dial tcp [::1]:25: connectex: No connection could be made because the target machine actively refused it."
t=2020-06-26T13:08:28+0800 lvl=eror msg="Request Completed" logger=context userId=1 orgId=1 uname=admin method=POST path=/api/alert-notifications/test status=500 remote_addr=[::1] time_ms=2016 size=48 referer=http://localhost:3000/alerting/notification/new
t=2020-06-26T13:12:35+0800 lvl=info msg="Shutdown started" logger=server code=0 reason="system signal: interrupt"
t=2020-06-26T13:12:35+0800 lvl=info msg="Stopped HTTP server" logger=http.server
t=2020-06-26T13:12:35+0800 lvl=info msg="Stopped Stream Manager"
t=2020-06-26T13:12:35+0800 lvl=info msg="Stopped Plugins" logger=plugins error="context canceled"
t=2020-06-26T13:12:35+0800 lvl=info msg="Stopped Alerting" logger=alerting.engine reason="context canceled"
t=2020-06-26T13:12:35+0800 lvl=info msg="Stopped CleanUpService" logger=cleanup reason="context canceled"
t=2020-06-26T13:12:35+0800 lvl=info msg="Grafana shutdown completed." code=0
t=2020-06-26T13:12:41+0800 lvl=info msg="Starting Grafana" logger=server version=5.0.4 commit=7dc36ae2f compiled=2018-03-28T19:52:41+0800
t=2020-06-26T13:12:41+0800 lvl=info msg="Config loaded from" logger=settings file=D:\\grafana-5.0.4/conf/defaults.ini
t=2020-06-26T13:12:41+0800 lvl=info msg="Config loaded from" logger=settings file=D:\\grafana-5.0.4\\conf\\custom.ini
t=2020-06-26T13:12:41+0800 lvl=info msg="Path Home" logger=settings path=D:\\grafana-5.0.4
t=2020-06-26T13:12:41+0800 lvl=info msg="Path Data" logger=settings path=D:\\grafana-5.0.4\\data
t=2020-06-26T13:12:41+0800 lvl=info msg="Path Logs" logger=settings path=D:\\grafana-5.0.4\\data\\log
t=2020-06-26T13:12:41+0800 lvl=info msg="Path Plugins" logger=settings path=D:\\grafana-5.0.4\\data\\plugins
t=2020-06-26T13:12:41+0800 lvl=info msg="Path Provisioning" logger=settings path=D:\\grafana-5.0.4\\conf\\provisioning
t=2020-06-26T13:12:41+0800 lvl=info msg="App mode production" logger=settings
t=2020-06-26T13:12:41+0800 lvl=info msg="Initializing DB" logger=sqlstore dbtype=sqlite3
t=2020-06-26T13:12:41+0800 lvl=info msg="Starting DB migration" logger=migrator
t=2020-06-26T13:12:41+0800 lvl=info msg="Executing migration" logger=migrator id="copy data account to org"
t=2020-06-26T13:12:41+0800 lvl=info msg="Skipping migration condition not fulfilled" logger=migrator id="copy data account to org"
t=2020-06-26T13:12:41+0800 lvl=info msg="Executing migration" logger=migrator id="copy data account_user to org_user"
t=2020-06-26T13:12:41+0800 lvl=info msg="Skipping migration condition not fulfilled" logger=migrator id="copy data account_user to org_user"
t=2020-06-26T13:12:41+0800 lvl=info msg="Starting plugin search" logger=plugins
t=2020-06-26T13:12:42+0800 lvl=info msg="Initializing Alerting" logger=alerting.engine
t=2020-06-26T13:12:42+0800 lvl=info msg="Initializing CleanUpService" logger=cleanup
t=2020-06-26T13:12:42+0800 lvl=info msg="Initializing Stream Manager"
t=2020-06-26T13:12:42+0800 lvl=info msg="Initializing HTTP Server" logger=http.server address=0.0.0.0:3000 protocol=http subUrl= socket=
t=2020-06-26T13:13:11+0800 lvl=info msg="Sending alert notification to" logger=alerting.notifier.email addresses=[1024215320@qq.com]
t=2020-06-26T13:13:12+0800 lvl=eror msg="Failed to send alert notification email" logger=alerting.notifier.email error="535 Login Fail. Please enter your authorization code to login. More information in http://service.mail.qq.com/cgi-bin/help?subtype=1&&id=28&&no=1001256"
t=2020-06-26T13:13:12+0800 lvl=eror msg="Failed to send alert notifications" logger=context userId=1 orgId=1 uname=admin error="535 Login Fail. Please enter your authorization code to login. More information in http://service.mail.qq.com/cgi-bin/help?subtype=1&&id=28&&no=1001256"
t=2020-06-26T13:13:12+0800 lvl=eror msg="Request Completed" logger=context userId=1 orgId=1 uname=admin method=POST path=/api/alert-notifications/test status=500 remote_addr=[::1] time_ms=477 size=48 referer=http://localhost:3000/alerting/notification/new
t=2020-06-26T13:15:17+0800 lvl=info msg="Sending alert notification to" logger=alerting.notifier.email addresses=[1024215320@qq.com]
t=2020-06-26T13:15:17+0800 lvl=eror msg="Failed to send alert notification email" logger=alerting.notifier.email error="535 Login Fail. Please enter your authorization code to login. More information in http://service.mail.qq.com/cgi-bin/help?subtype=1&&id=28&&no=1001256"
t=2020-06-26T13:15:17+0800 lvl=eror msg="Failed to send alert notifications" logger=context userId=1 orgId=1 uname=admin error="535 Login Fail. Please enter your authorization code to login. More information in http://service.mail.qq.com/cgi-bin/help?subtype=1&&id=28&&no=1001256"
t=2020-06-26T13:15:17+0800 lvl=eror msg="Request Completed" logger=context userId=1 orgId=1 uname=admin method=POST path=/api/alert-notifications/test status=500 remote_addr=[::1] time_ms=449 size=48 referer=http://localhost:3000/alerting/notification/new
t=2020-06-26T13:15:56+0800 lvl=info msg="Shutdown started" logger=server code=0 reason="system signal: interrupt"
t=2020-06-26T13:15:56+0800 lvl=info msg="Stopped HTTP server" logger=http.server
t=2020-06-26T13:15:56+0800 lvl=info msg="Stopped Stream Manager"
t=2020-06-26T13:15:56+0800 lvl=info msg="Stopped Plugins" logger=plugins error="context canceled"
t=2020-06-26T13:15:56+0800 lvl=info msg="Stopped CleanUpService" logger=cleanup reason="context canceled"
t=2020-06-26T13:15:56+0800 lvl=info msg="Stopped Alerting" logger=alerting.engine reason="context canceled"
t=2020-06-26T13:15:56+0800 lvl=info msg="Grafana shutdown completed." code=0
t=2020-06-26T13:17:31+0800 lvl=info msg="Starting Grafana" logger=server version=5.0.4 commit=7dc36ae2f compiled=2018-03-28T19:52:41+0800
t=2020-06-26T13:17:31+0800 lvl=info msg="Config loaded from" logger=settings file=D:\\grafana-5.0.4/conf/defaults.ini
t=2020-06-26T13:17:31+0800 lvl=info msg="Config loaded from" logger=settings file=D:\\grafana-5.0.4\\conf\\custom.ini
t=2020-06-26T13:17:31+0800 lvl=info msg="Path Home" logger=settings path=D:\\grafana-5.0.4
t=2020-06-26T13:17:31+0800 lvl=info msg="Path Data" logger=settings path=D:\\grafana-5.0.4\\data
t=2020-06-26T13:17:31+0800 lvl=info msg="Path Logs" logger=settings path=D:\\grafana-5.0.4\\data\\log
t=2020-06-26T13:17:31+0800 lvl=info msg="Path Plugins" logger=settings path=D:\\grafana-5.0.4\\data\\plugins
t=2020-06-26T13:17:31+0800 lvl=info msg="Path Provisioning" logger=settings path=D:\\grafana-5.0.4\\conf\\provisioning
t=2020-06-26T13:17:31+0800 lvl=info msg="App mode production" logger=settings
t=2020-06-26T13:17:31+0800 lvl=info msg="Initializing DB" logger=sqlstore dbtype=sqlite3
t=2020-06-26T13:17:31+0800 lvl=info msg="Starting DB migration" logger=migrator
t=2020-06-26T13:17:31+0800 lvl=info msg="Executing migration" logger=migrator id="copy data account to org"
t=2020-06-26T13:17:31+0800 lvl=info msg="Skipping migration condition not fulfilled" logger=migrator id="copy data account to org"
t=2020-06-26T13:17:31+0800 lvl=info msg="Executing migration" logger=migrator id="copy data account_user to org_user"
t=2020-06-26T13:17:31+0800 lvl=info msg="Skipping migration condition not fulfilled" logger=migrator id="copy data account_user to org_user"
t=2020-06-26T13:17:31+0800 lvl=info msg="Starting plugin search" logger=plugins
t=2020-06-26T13:17:31+0800 lvl=info msg="Initializing CleanUpService" logger=cleanup
t=2020-06-26T13:17:31+0800 lvl=info msg="Initializing Alerting" logger=alerting.engine
t=2020-06-26T13:17:31+0800 lvl=info msg="Initializing Stream Manager"
t=2020-06-26T13:17:31+0800 lvl=info msg="Initializing HTTP Server" logger=http.server address=0.0.0.0:3000 protocol=http subUrl= socket=
t=2020-06-26T13:17:52+0800 lvl=info msg="Sending alert notification to" logger=alerting.notifier.email addresses=[1024215320@qq.com]
t=2020-06-26T13:17:52+0800 lvl=eror msg="Failed to send alert notification email" logger=alerting.notifier.email error="535 Login Fail. Please enter your authorization code to login. More information in http://service.mail.qq.com/cgi-bin/help?subtype=1&&id=28&&no=1001256"
t=2020-06-26T13:17:52+0800 lvl=eror msg="Failed to send alert notifications" logger=context userId=1 orgId=1 uname=admin error="535 Login Fail. Please enter your authorization code to login. More information in http://service.mail.qq.com/cgi-bin/help?subtype=1&&id=28&&no=1001256"
t=2020-06-26T13:17:52+0800 lvl=eror msg="Request Completed" logger=context userId=1 orgId=1 uname=admin method=POST path=/api/alert-notifications/test status=500 remote_addr=[::1] time_ms=517 size=48 referer=http://localhost:3000/alerting/notification/new
t=2020-06-26T13:18:06+0800 lvl=info msg="Sending alert notification to" logger=alerting.notifier.email addresses=[1993154987@qq.com]
t=2020-06-26T13:18:06+0800 lvl=eror msg="Failed to send alert notification email" logger=alerting.notifier.email error="535 Login Fail. Please enter your authorization code to login. More information in http://service.mail.qq.com/cgi-bin/help?subtype=1&&id=28&&no=1001256"
t=2020-06-26T13:18:06+0800 lvl=eror msg="Failed to send alert notifications" logger=context userId=1 orgId=1 uname=admin error="535 Login Fail. Please enter your authorization code to login. More information in http://service.mail.qq.com/cgi-bin/help?subtype=1&&id=28&&no=1001256"
t=2020-06-26T13:18:06+0800 lvl=eror msg="Request Completed" logger=context userId=1 orgId=1 uname=admin method=POST path=/api/alert-notifications/test status=500 remote_addr=[::1] time_ms=392 size=48 referer=http://localhost:3000/alerting/notification/1/edit
t=2020-06-26T13:18:09+0800 lvl=info msg="Sending alert notification to" logger=alerting.notifier.email addresses=[1993154987@qq.com]
t=2020-06-26T13:18:10+0800 lvl=eror msg="Failed to send alert notification email" logger=alerting.notifier.email error="535 Login Fail. Please enter your authorization code to login. More information in http://service.mail.qq.com/cgi-bin/help?subtype=1&&id=28&&no=1001256"
t=2020-06-26T13:18:10+0800 lvl=eror msg="Failed to send alert notifications" logger=context userId=1 orgId=1 uname=admin error="535 Login Fail. Please enter your authorization code to login. More information in http://service.mail.qq.com/cgi-bin/help?subtype=1&&id=28&&no=1001256"
t=2020-06-26T13:18:10+0800 lvl=eror msg="Request Completed" logger=context userId=1 orgId=1 uname=admin method=POST path=/api/alert-notifications/test status=500 remote_addr=[::1] time_ms=479 size=48 referer=http://localhost:3000/alerting/notification/1/edit
t=2020-06-26T13:18:27+0800 lvl=info msg="Sending alert notification to" logger=alerting.notifier.email addresses=[1024215320@qq.com]
t=2020-06-26T13:18:28+0800 lvl=eror msg="Failed to send alert notification email" logger=alerting.notifier.email error="535 Login Fail. Please enter your authorization code to login. More information in http://service.mail.qq.com/cgi-bin/help?subtype=1&&id=28&&no=1001256"
t=2020-06-26T13:18:28+0800 lvl=eror msg="Failed to send alert notifications" logger=context userId=1 orgId=1 uname=admin error="535 Login Fail. Please enter your authorization code to login. More information in http://service.mail.qq.com/cgi-bin/help?subtype=1&&id=28&&no=1001256"
t=2020-06-26T13:18:28+0800 lvl=eror msg="Request Completed" logger=context userId=1 orgId=1 uname=admin method=POST path=/api/alert-notifications/test status=500 remote_addr=[::1] time_ms=435 size=48 referer=http://localhost:3000/alerting/notification/1/edit
t=2020-06-26T13:29:09+0800 lvl=info msg="Shutdown started" logger=server code=0 reason="system signal: interrupt"
t=2020-06-26T13:29:09+0800 lvl=info msg="Stopped HTTP server" logger=http.server
t=2020-06-26T13:29:09+0800 lvl=info msg="Stopped CleanUpService" logger=cleanup reason="context canceled"
t=2020-06-26T13:29:09+0800 lvl=info msg="Stopped Plugins" logger=plugins error="context canceled"
t=2020-06-26T13:29:09+0800 lvl=info msg="Stopped Alerting" logger=alerting.engine reason="context canceled"
t=2020-06-26T13:29:09+0800 lvl=info msg="Stopped Stream Manager"
t=2020-06-26T13:29:09+0800 lvl=info msg="Grafana shutdown completed." code=0
t=2020-06-26T13:32:16+0800 lvl=info msg="Starting Grafana" logger=server version=5.0.4 commit=7dc36ae2f compiled=2018-03-28T19:52:41+0800
t=2020-06-26T13:32:16+0800 lvl=info msg="Config loaded from" logger=settings file=D:\\grafana-5.0.4/conf/defaults.ini
t=2020-06-26T13:32:16+0800 lvl=info msg="Config loaded from" logger=settings file=D:\\grafana-5.0.4\\conf\\custom.ini
t=2020-06-26T13:32:16+0800 lvl=info msg="Path Home" logger=settings path=D:\\grafana-5.0.4
t=2020-06-26T13:32:16+0800 lvl=info msg="Path Data" logger=settings path=D:\\grafana-5.0.4\\data
t=2020-06-26T13:32:16+0800 lvl=info msg="Path Logs" logger=settings path=D:\\grafana-5.0.4\\data\\log
t=2020-06-26T13:32:16+0800 lvl=info msg="Path Plugins" logger=settings path=D:\\grafana-5.0.4\\data\\plugins
t=2020-06-26T13:32:16+0800 lvl=info msg="Path Provisioning" logger=settings path=D:\\grafana-5.0.4\\conf\\provisioning
t=2020-06-26T13:32:16+0800 lvl=info msg="App mode production" logger=settings
t=2020-06-26T13:32:16+0800 lvl=info msg="Initializing DB" logger=sqlstore dbtype=sqlite3
t=2020-06-26T13:32:16+0800 lvl=info msg="Starting DB migration" logger=migrator
t=2020-06-26T13:32:16+0800 lvl=info msg="Executing migration" logger=migrator id="copy data account to org"
t=2020-06-26T13:32:16+0800 lvl=info msg="Skipping migration condition not fulfilled" logger=migrator id="copy data account to org"
t=2020-06-26T13:32:16+0800 lvl=info msg="Executing migration" logger=migrator id="copy data account_user to org_user"
t=2020-06-26T13:32:16+0800 lvl=info msg="Skipping migration condition not fulfilled" logger=migrator id="copy data account_user to org_user"
t=2020-06-26T13:32:16+0800 lvl=info msg="Starting plugin search" logger=plugins
t=2020-06-26T13:32:16+0800 lvl=info msg="Initializing CleanUpService" logger=cleanup
t=2020-06-26T13:32:16+0800 lvl=info msg="Initializing Alerting" logger=alerting.engine
t=2020-06-26T13:32:16+0800 lvl=info msg="Initializing Stream Manager"
t=2020-06-26T13:32:16+0800 lvl=info msg="Initializing HTTP Server" logger=http.server address=0.0.0.0:3000 protocol=http subUrl= socket=
t=2020-06-26T13:32:33+0800 lvl=info msg="Sending alert notification to" logger=alerting.notifier.email addresses=[1993154987@qq.com]
t=2020-06-26T13:34:41+0800 lvl=info msg="New state change" logger=alerting.resultHandler alertId=1 newState=alerting prev state=ok
t=2020-06-26T13:34:41+0800 lvl=info msg=Rendering logger=png-renderer path="d-solo/7UlnHoGZz/uploader?panelId=25"
t=2020-06-26T13:34:52+0800 lvl=info msg=uploaded logger=alerting.notifier url=
t=2020-06-26T13:34:52+0800 lvl=info msg="Sending alert notification to" logger=alerting.notifier.email addresses=[1993154987@qq.com]
t=2020-06-26T13:35:01+0800 lvl=info msg="New state change" logger=alerting.resultHandler alertId=1 newState=ok prev state=alerting
t=2020-06-26T13:35:01+0800 lvl=info msg=Rendering logger=png-renderer path="d-solo/7UlnHoGZz/uploader?panelId=25"
t=2020-06-26T13:35:04+0800 lvl=info msg=uploaded logger=alerting.notifier url=
t=2020-06-26T13:35:04+0800 lvl=info msg="Sending alert notification to" logger=alerting.notifier.email addresses=[1993154987@qq.com]
t=2020-06-26T13:35:25+0800 lvl=info msg="Shutdown started" logger=server code=0 reason="system signal: interrupt"
t=2020-06-26T13:35:25+0800 lvl=info msg="Stopped HTTP server" logger=http.server
t=2020-06-26T13:35:25+0800 lvl=info msg="Stopped Stream Manager"
t=2020-06-26T13:35:25+0800 lvl=info msg="Stopped Plugins" logger=plugins error="context canceled"
t=2020-06-26T13:35:25+0800 lvl=info msg="Stopped CleanUpService" logger=cleanup reason="context canceled"
t=2020-06-26T13:35:25+0800 lvl=info msg="Stopped Alerting" logger=alerting.engine reason="context canceled"
t=2020-06-26T13:35:25+0800 lvl=info msg="Grafana shutdown completed." code=0
t=2020-06-27T14:56:30+0800 lvl=info msg="Starting Grafana" logger=server version=5.0.4 commit=7dc36ae2f compiled=2018-03-28T19:52:41+0800
t=2020-06-27T14:56:30+0800 lvl=info msg="Config loaded from" logger=settings file=D:\\grafana-5.0.4/conf/defaults.ini
t=2020-06-27T14:56:30+0800 lvl=info msg="Config loaded from" logger=settings file=D:\\grafana-5.0.4\\conf\\custom.ini
t=2020-06-27T14:56:30+0800 lvl=info msg="Path Home" logger=settings path=D:\\grafana-5.0.4
t=2020-06-27T14:56:30+0800 lvl=info msg="Path Data" logger=settings path=D:\\grafana-5.0.4\\data
t=2020-06-27T14:56:30+0800 lvl=info msg="Path Logs" logger=settings path=D:\\grafana-5.0.4\\data\\log
t=2020-06-27T14:56:30+0800 lvl=info msg="Path Plugins" logger=settings path=D:\\grafana-5.0.4\\data\\plugins
t=2020-06-27T14:56:30+0800 lvl=info msg="Path Provisioning" logger=settings path=D:\\grafana-5.0.4\\conf\\provisioning
t=2020-06-27T14:56:30+0800 lvl=info msg="App mode production" logger=settings
t=2020-06-27T14:56:30+0800 lvl=info msg="Initializing DB" logger=sqlstore dbtype=sqlite3
t=2020-06-27T14:56:30+0800 lvl=info msg="Starting DB migration" logger=migrator
t=2020-06-27T14:56:30+0800 lvl=info msg="Executing migration" logger=migrator id="copy data account to org"
t=2020-06-27T14:56:30+0800 lvl=info msg="Skipping migration condition not fulfilled" logger=migrator id="copy data account to org"
t=2020-06-27T14:56:30+0800 lvl=info msg="Executing migration" logger=migrator id="copy data account_user to org_user"
t=2020-06-27T14:56:30+0800 lvl=info msg="Skipping migration condition not fulfilled" logger=migrator id="copy data account_user to org_user"
t=2020-06-27T14:56:30+0800 lvl=info msg="Starting plugin search" logger=plugins
t=2020-06-27T14:56:30+0800 lvl=info msg="Initializing CleanUpService" logger=cleanup
t=2020-06-27T14:56:30+0800 lvl=info msg="Initializing Alerting" logger=alerting.engine
t=2020-06-27T14:56:30+0800 lvl=info msg="Initializing Stream Manager"
t=2020-06-27T14:56:30+0800 lvl=info msg="Initializing HTTP Server" logger=http.server address=0.0.0.0:3000 protocol=http subUrl= socket=
t=2020-06-27T14:56:37+0800 lvl=info msg="Request Completed" logger=context userId=0 orgId=0 uname= method=GET path=/ status=302 remote_addr=[::1] time_ms=3 size=29 referer=
t=2020-06-27T14:56:37+0800 lvl=info msg="Request Completed" logger=context userId=0 orgId=0 uname= method=GET path=/login status=302 remote_addr=[::1] time_ms=8 size=24 referer=
t=2020-06-27T15:01:56+0800 lvl=eror msg="Failed to get user with id" logger=context userId=1 error="User not found"
t=2020-06-27T15:01:56+0800 lvl=info msg="Request Completed" logger=context userId=0 orgId=0 uname= method=GET path=/api/datasources/proxy/3/api/v1/query_range status=401 remote_addr=[::1] time_ms=15 size=26 referer="http://localhost:3000/d/7UlnHoGZz/uploader?refresh=5s&orgId=1&from=now-1m&to=now"
t=2020-06-27T15:04:21+0800 lvl=info msg="New state change" logger=alerting.resultHandler alertId=1 newState=alerting prev state=ok
t=2020-06-27T15:04:21+0800 lvl=info msg=Rendering logger=png-renderer path="d-solo/7UlnHoGZz/uploader?panelId=25"
t=2020-06-27T15:04:25+0800 lvl=info msg=uploaded logger=alerting.notifier url=
t=2020-06-27T15:04:25+0800 lvl=info msg="Sending alert notification to" logger=alerting.notifier.email addresses=[1993154987@qq.com]
t=2020-06-27T15:04:41+0800 lvl=info msg="New state change" logger=alerting.resultHandler alertId=1 newState=ok prev state=alerting
t=2020-06-27T15:04:41+0800 lvl=info msg=Rendering logger=png-renderer path="d-solo/7UlnHoGZz/uploader?panelId=25"
t=2020-06-27T15:04:44+0800 lvl=info msg=uploaded logger=alerting.notifier url=
t=2020-06-27T15:04:44+0800 lvl=info msg="Sending alert notification to" logger=alerting.notifier.email addresses=[1993154987@qq.com]
t=2020-06-27T15:07:24+0800 lvl=info msg="Database table locked, sleeping then retrying" logger=sqlstore retry=0
t=2020-06-27T15:08:21+0800 lvl=info msg="New state change" logger=alerting.resultHandler alertId=1 newState=alerting prev state=ok
t=2020-06-27T15:08:21+0800 lvl=info msg=Rendering logger=png-renderer path="d-solo/7UlnHoGZz/uploader?panelId=25"
t=2020-06-27T15:08:25+0800 lvl=info msg=uploaded logger=alerting.notifier url=
t=2020-06-27T15:08:25+0800 lvl=info msg="Sending alert notification to" logger=alerting.notifier.email addresses=[1993154987@qq.com]
t=2020-06-27T15:08:31+0800 lvl=info msg="New state change" logger=alerting.resultHandler alertId=1 newState=ok prev state=alerting
t=2020-06-27T15:08:31+0800 lvl=info msg=Rendering logger=png-renderer path="d-solo/7UlnHoGZz/uploader?panelId=25"
t=2020-06-27T15:08:34+0800 lvl=info msg=uploaded logger=alerting.notifier url=
t=2020-06-27T15:08:34+0800 lvl=info msg="Sending alert notification to" logger=alerting.notifier.email addresses=[1993154987@qq.com]
t=2020-06-27T15:09:07+0800 lvl=info msg="Shutdown started" logger=server code=0 reason="system signal: interrupt"
t=2020-06-27T15:09:07+0800 lvl=info msg="Stopped HTTP server" logger=http.server
t=2020-06-27T15:09:07+0800 lvl=info msg="Stopped CleanUpService" logger=cleanup reason="context canceled"
t=2020-06-27T15:09:07+0800 lvl=info msg="Stopped Plugins" logger=plugins error="context canceled"
t=2020-06-27T15:09:07+0800 lvl=info msg="Stopped Stream Manager"
t=2020-06-27T15:09:07+0800 lvl=info msg="Stopped Alerting" logger=alerting.engine reason="context canceled"
t=2020-06-27T15:09:07+0800 lvl=info msg="Grafana shutdown completed." code=0
